This is pdfTeX, Version 3.1415926-1.40.11 (TeX Live 2010) (format=latex 2010.12.13)  24 JUN 2013 13:55
entering extended mode
 restricted \write18 enabled.
 %&-line parsing enabled.
**tmp.tex
(/usr/local/texlive/2010/texmf-dist/tex/latex/tools/x.tex
! Interruption.
<to be read again> 
                   \begingroup 
l.1 
    %%
? exit
 
Here is how much of TeX's memory you used:
 8 strings out of 493748
 260 string characters out of 3143568
 49070 words of memory out of 3000000
 3397 multiletter control sequences out of 15000+200000
 3640 words of font info for 14 fonts, out of 3000000 for 9000
 714 hyphenation exceptions out of 8191
 3i,0n,1p,17b,6s stack positions out of 5000i,500n,10000p,200000b,50000s
No pages of output.
