#
# A fatal error has been detected by the Java Runtime Environment:
#
#  SIGSEGV (0xb) at pc=0x00007fff8e1d8b70, pid=9310, tid=34843
#
# JRE version: Java(TM) SE Runtime Environment (8.0_31-b13) (build 1.8.0_31-b13)
# Java VM: Java HotSpot(TM) 64-Bit Server VM (25.31-b07 mixed mode bsd-amd64 compressed oops)
# Problematic frame:
# C  [libobjc.A.dylib+0x9b70]  weak_register_no_lock+0x3d
#
# Failed to write core dump. Core dumps have been disabled. To enable core dumping, try "ulimit -c unlimited" before starting Java again
#
# If you would like to submit a bug report, please visit:
#   http://bugreport.java.com/bugreport/crash.jsp
# The crash happened outside the Java Virtual Machine in native code.
# See problematic frame for where to report the bug.
#

---------------  T H R E A D  ---------------

Current thread (0x00007fa8ab73e000):  JavaThread "Java2D Queue Flusher" daemon [_thread_in_native, id=34843, stack(0x0000000131d74000,0x0000000131e74000)]

siginfo: si_signo: 11 (SIGSEGV), si_code: 0 (unknown), si_addr: 0x0000000000000000

Registers:
RAX=0x0000000000000000, RBX=0x00077fa8aacddb90, RCX=0x000000000000881b, RDX=0x00007fa8ad637108
RSP=0x0000000131e736e0, RBP=0x0000000131e73740, RSI=0x00077fa8aacddb90, RDI=0x00007fff731468a8
R8 =0x000000000000002e, R9 =0xffffffffffffffff, R10=0x00007fa8b23f74a0, R11=0x00007fff71a9db78
R12=0x00007fff71c69070, R13=0x00007fff73145e80, R14=0x00007fff731468a8, R15=0x00007fa8ad637108
RIP=0x00007fff8e1d8b70, EFLAGS=0x0000000000010246, ERR=0x0000000000000000
  TRAPNO=0x000000000000000d

Top of Stack: (sp=0x0000000131e736e0)
0x0000000131e736e0:   00007fa8ab73e000 0000000131e73730
0x0000000131e736f0:   0100000100000000 00007fa8ad7d8ab0
0x0000000131e73700:   00007fa8b1b5d038 00000006c33ca1f8
0x0000000131e73710:   36004444151f3635 00007fff73145e80
0x0000000131e73720:   0000000000000000 00007fff73145e80
0x0000000131e73730:   00007fa8ad637108 00007fff73146880
0x0000000131e73740:   0000000131e737a0 00007fff8e1d8ac7
0x0000000131e73750:   0000000000000000 00077fa8aacddb90
0x0000000131e73760:   0000000000000a00 00007fa8ad637108
0x0000000131e73770:   0000000131e737a0 0000000000000000
0x0000000131e73780:   00007fff8e1d00c0 00000006c33ca1f8
0x0000000131e73790:   00077fa8aacddb90 00007fa8ad637100
0x0000000131e737a0:   0000000131e737d0 00007fff8fb9bc54
0x0000000131e737b0:   00007fa8b5b7ff80 00007fa8b1b5d038
0x0000000131e737c0:   00007fa8ab73e1e8 00007fa8b1b5d040
0x0000000131e737d0:   0000000131e73800 00000001316a0b78
0x0000000131e737e0:   0000000131e73800 00007fa8ab73e1e8
0x0000000131e737f0:   00007fa8ad54e450 00007fa8b5b7ff80
0x0000000131e73800:   0000000131e73830 00000001316a1513
0x0000000131e73810:   00007fa8b5b57820 0000000000000000
0x0000000131e73820:   00007fa8ab74a810 00007fa8ab73e000
0x0000000131e73830:   0000000131e738b0 00000001316c15ae
0x0000000131e73840:   0000000000000064 00007fa8ad7cb218
0x0000000131e73850:   0000000131e738b0 0000000110b2be83
0x0000000131e73860:   0000000000000005 00007fa8ab73e000
0x0000000131e73870:   00000006c33ca101 00007fa8ab74a820
0x0000000131e73880:   0000000100e73800 00007fa8ab73e1e8
0x0000000131e73890:   0000000000000000 0000000000000000
0x0000000131e738a0:   0000000131e73908 00007fa8ab73e000
0x0000000131e738b0:   0000000131e73900 00000001130eb36a
0x0000000131e738c0:   00000006c33ca170 0000000100000001
0x0000000131e738d0:   00000001373d6c28 0000000000000000 

Instructions: (pc=0x00007fff8e1d8b70)
0x00007fff8e1d8b50:   ec 04 f6 e4 49 8b 04 24 48 89 45 d0 31 c0 48 85
0x00007fff8e1d8b60:   db 0f 84 e0 00 00 00 f6 c3 01 0f 85 d4 00 00 00
0x00007fff8e1d8b70:   48 8b 03 f6 40 20 02 74 11 48 89 df e8 21 7a 01
0x00007fff8e1d8b80:   00 84 c0 74 3b e9 db 00 00 00 4c 8d 2d b7 bf f6 

Register to memory mapping:

RAX=0x0000000000000000 is an unknown value
RBX=0x00077fa8aacddb90 is an unknown value
RCX=0x000000000000881b is an unknown value
RDX=0x00007fa8ad637108 is an unknown value
RSP=0x0000000131e736e0 is pointing into the stack for thread: 0x00007fa8ab73e000
RBP=0x0000000131e73740 is pointing into the stack for thread: 0x00007fa8ab73e000
RSI=0x00077fa8aacddb90 is an unknown value
RDI=0x00007fff731468a8: _ZN12_GLOBAL__N_19SideTable9table_bufE+0xa28 in /usr/lib/libobjc.A.dylib at 0x00007fff8e1cf000
R8 =0x000000000000002e is an unknown value
R9 =0xffffffffffffffff is an unknown value
R10=0x00007fa8b23f74a0 is an unknown value
R11=0x00007fff71a9db78: OBJC_CLASS_$_NSConcreteMapTable+0 in /System/Library/Frameworks/Foundation.framework/Versions/C/Foundation at 0x00007fff84262000
R12=0x00007fff71c69070: __stack_chk_guard+0 in /usr/lib/system/libsystem_c.dylib at 0x00007fff857dc000
R13=0x00007fff73145e80: _ZN12_GLOBAL__N_19SideTable9table_bufE+0 in /usr/lib/libobjc.A.dylib at 0x00007fff8e1cf000
R14=0x00007fff731468a8: _ZN12_GLOBAL__N_19SideTable9table_bufE+0xa28 in /usr/lib/libobjc.A.dylib at 0x00007fff8e1cf000
R15=0x00007fa8ad637108 is an unknown value


Stack: [0x0000000131d74000,0x0000000131e74000],  sp=0x0000000131e736e0,  free space=1021k
Native frames: (J=compiled Java code, j=interpreted, Vv=VM code, C=native code)
C  [libobjc.A.dylib+0x9b70]  weak_register_no_lock+0x3d
C  [libobjc.A.dylib+0x9ac7]  objc_storeWeak+0xe9
C  [AppKit+0x31dc54]  -[NSOpenGLContext setView:]+0x4b
C  [libawt_lwawt.dylib+0x1ab78]  CGLSD_MakeCurrentToScratch+0x63
C  [libawt_lwawt.dylib+0x1b513]  OGLSD_SetScratchSurface+0x7a
C  [libawt_lwawt.dylib+0x3b5ae]  Java_sun_java2d_opengl_OGLRenderQueue_flushBuffer+0x63a
J 9058  sun.java2d.opengl.OGLRenderQueue.flushBuffer(JI)V (0 bytes) @ 0x00000001130eb36a [0x00000001130eb2c0+0xaa]
J 13087% C2 sun.java2d.opengl.OGLRenderQueue$QueueFlusher.run()V (234 bytes) @ 0x0000000113982980 [0x0000000113982760+0x220]

Java frames: (J=compiled Java code, j=interpreted, Vv=VM code)
J 9058  sun.java2d.opengl.OGLRenderQueue.flushBuffer(JI)V (0 bytes) @ 0x00000001130eb2f8 [0x00000001130eb2c0+0x38]
J 13087% C2 sun.java2d.opengl.OGLRenderQueue$QueueFlusher.run()V (234 bytes) @ 0x0000000113982980 [0x0000000113982760+0x220]
v  ~StubRoutines::call_stub

---------------  P R O C E S S  ---------------

Java Threads: ( => current thread )
  0x00007fa8b4637000 JavaThread "process reaper" daemon [_thread_blocked, id=15263, stack(0x00000001379c4000,0x00000001379ec000)]
  0x00007fa8b4635800 JavaThread "Keep-Alive-Timer" daemon [_thread_blocked, id=60871, stack(0x0000000139c82000,0x0000000139d82000)]
  0x00007fa8b10aa800 JavaThread "clojure-agent-send-off-pool-121" [_thread_in_native, id=67455, stack(0x00000001485ac000,0x00000001486ac000)]
  0x00007fa8b17ac800 JavaThread "AWT-EventQueue-0" [_thread_blocked, id=59331, stack(0x000000013d2d7000,0x000000013d3d7000)]
  0x00007fa8ab003000 JavaThread "AWT-Shutdown" [_thread_blocked, id=72111, stack(0x000000013cd05000,0x000000013ce05000)]
  0x00007fa8b1298800 JavaThread "Thread-40" daemon [_thread_blocked, id=30567, stack(0x0000000141ef2000,0x0000000141ff2000)]
  0x00007fa8b4081000 JavaThread "TimerQueue" daemon [_thread_blocked, id=24175, stack(0x0000000130f91000,0x0000000131091000)]
  0x00007fa8b00d7800 JavaThread "Java2D Disposer" daemon [_thread_blocked, id=51975, stack(0x000000013872f000,0x000000013882f000)]
=>0x00007fa8ab73e000 JavaThread "Java2D Queue Flusher" daemon [_thread_in_native, id=34843, stack(0x0000000131d74000,0x0000000131e74000)]
  0x00007fa8ae0d3800 JavaThread "AppKit Thread" daemon [_thread_in_native, id=8467, stack(0x00007fff4fe42000,0x00007fff50642000)]
  0x00007fa8acb6e000 JavaThread "clojure-agent-send-off-pool-5" [_thread_in_native, id=25603, stack(0x0000000131119000,0x0000000131219000)]
  0x00007fa8aba8e000 JavaThread "clojure-agent-send-off-pool-3" [_thread_blocked, id=24579, stack(0x0000000130e4e000,0x0000000130f4e000)]
  0x00007fa8ab074000 JavaThread "Service Thread" daemon [_thread_blocked, id=20995, stack(0x000000012f1d8000,0x000000012f2d8000)]
  0x00007fa8ab800000 JavaThread "C1 CompilerThread3" daemon [_thread_blocked, id=20483, stack(0x000000012f0d5000,0x000000012f1d5000)]
  0x00007fa8ac03c000 JavaThread "C2 CompilerThread2" daemon [_thread_in_native, id=19971, stack(0x000000012efd2000,0x000000012f0d2000)]
  0x00007fa8ac03b000 JavaThread "C2 CompilerThread1" daemon [_thread_blocked, id=19459, stack(0x000000012eecf000,0x000000012efcf000)]
  0x00007fa8ab035000 JavaThread "C2 CompilerThread0" daemon [_thread_blocked, id=18947, stack(0x000000012edcc000,0x000000012eecc000)]
  0x00007fa8ab040000 JavaThread "Signal Dispatcher" daemon [_thread_blocked, id=18443, stack(0x000000012ecc9000,0x000000012edc9000)]
  0x00007fa8ae03c000 JavaThread "Finalizer" daemon [_thread_blocked, id=13571, stack(0x000000012d225000,0x000000012d325000)]
  0x00007fa8ae03b800 JavaThread "Reference Handler" daemon [_thread_blocked, id=13059, stack(0x000000012d122000,0x000000012d222000)]
  0x00007fa8ae001800 JavaThread "main" [_thread_blocked, id=3847, stack(0x000000010f6d4000,0x000000010f7d4000)]

Other Threads:
  0x00007fa8ae038800 VMThread [stack: 0x000000012d01f000,0x000000012d11f000] [id=12547]
  0x00007fa8ae04e000 WatcherThread [stack: 0x000000012f2db000,0x000000012f3db000] [id=21507]

VM state:not at safepoint (normal execution)

VM Mutex/Monitor currently owned by a thread: None

Heap:
 PSYoungGen      total 1381376K, used 8795K [0x000000076ab00000, 0x00000007c0000000, 0x00000007c0000000)
  eden space 1376256K, 0% used [0x000000076ab00000,0x000000076ae97bb0,0x00000007beb00000)
  from space 5120K, 99% used [0x00000007bfb00000,0x00000007bffff160,0x00000007c0000000)
  to   space 10752K, 0% used [0x00000007beb00000,0x00000007beb00000,0x00000007bf580000)
 ParOldGen       total 594944K, used 342682K [0x00000006c0000000, 0x00000006e4500000, 0x000000076ab00000)
  object space 594944K, 57% used [0x00000006c0000000,0x00000006d4ea6848,0x00000006e4500000)
 Metaspace       used 73766K, capacity 93639K, committed 106496K, reserved 1128448K
  class space    used 15917K, capacity 23488K, committed 27904K, reserved 1048576K

Card table byte_map: [0x0000000120b13000,0x0000000121314000] byte_map_base: 0x000000011d513000

Marking Bits: (ParMarkBitMap*) 0x000000011109e410
 Begin Bits: [0x0000000122082000, 0x0000000126082000)
 End Bits:   [0x0000000126082000, 0x000000012a082000)

Polling page: 0x000000010f7e4000

CodeCache: size=245760Kb used=39857Kb max_used=39874Kb free=205902Kb
 bounds [0x0000000111753000, 0x0000000113e83000, 0x0000000120753000]
 total_blobs=10418 nmethods=9615 adapters=714
 compilation: enabled

Compilation events (10 events):
Event: 60355.151 Thread 0x00007fa8ab035000 nmethod 13295 0x0000000113e71a50 code [0x0000000113e71ba0, 0x0000000113e71ee8]
Event: 60595.203 Thread 0x00007fa8ab800000 13296   !   3       java.lang.UNIXProcess::<init> (63 bytes)
Event: 60595.204 Thread 0x00007fa8ab800000 nmethod 13296 0x0000000113e70f90 code [0x0000000113e71140, 0x0000000113e71718]
Event: 60595.224 Thread 0x00007fa8ac03c000 13297       4       sun.net.www.HeaderParser::parse (561 bytes)
Event: 60595.264 Thread 0x00007fa8ac03c000 nmethod 13297 0x0000000113e796d0 code [0x0000000113e79a20, 0x0000000113e7bac8]
Event: 60955.312 Thread 0x00007fa8ac03b000 13298       4       java.io.FileDescriptor::<init> (10 bytes)
Event: 60955.313 Thread 0x00007fa8ac03b000 nmethod 13298 0x0000000111e3bc10 code [0x0000000111e3bd60, 0x0000000111e3bdb8]
Event: 61795.589 Thread 0x00007fa8ac03b000 13299  s    4       java.io.FileDescriptor::attach (73 bytes)
Event: 61795.597 Thread 0x00007fa8ac03b000 nmethod 13299 0x0000000113e767d0 code [0x0000000113e76960, 0x0000000113e77208]
Event: 61795.685 Thread 0x00007fa8ac03c000 13300   !   4       sun.net.www.http.KeepAliveStream::close (236 bytes)

GC Heap History (10 events):
Event: 17255.132 GC heap before
{Heap before GC invocations=4042 (full 6):
 PSYoungGen      total 1394688K, used 1393312K [0x000000076ab00000, 0x00000007c0000000, 0x00000007c0000000)
  eden space 1391616K, 100% used [0x000000076ab00000,0x00000007bfa00000,0x00000007bfa00000)
  from space 3072K, 55% used [0x00000007bfa00000,0x00000007bfba8000,0x00000007bfd00000)
  to   space 3072K, 0% used [0x00000007bfd00000,0x00000007bfd00000,0x00000007c0000000)
 ParOldGen       total 594944K, used 325620K [0x00000006c0000000, 0x00000006e4500000, 0x000000076ab00000)
  object space 594944K, 54% used [0x00000006c0000000,0x00000006d3dfd230,0x00000006e4500000)
 Metaspace       used 73563K, capacity 93431K, committed 106240K, reserved 1128448K
  class space    used 15915K, capacity 23484K, committed 27904K, reserved 1048576K
Event: 17255.138 GC heap after
Heap after GC invocations=4042 (full 6):
 PSYoungGen      total 1393664K, used 3066K [0x000000076ab00000, 0x00000007c0000000, 0x00000007c0000000)
  eden space 1390592K, 0% used [0x000000076ab00000,0x000000076ab00000,0x00000007bf900000)
  from space 3072K, 99% used [0x00000007bfd00000,0x00000007bfffead8,0x00000007c0000000)
  to   space 3584K, 0% used [0x00000007bf900000,0x00000007bf900000,0x00000007bfc80000)
 ParOldGen       total 594944K, used 326268K [0x00000006c0000000, 0x00000006e4500000, 0x000000076ab00000)
  object space 594944K, 54% used [0x00000006c0000000,0x00000006d3e9f260,0x00000006e4500000)
 Metaspace       used 73563K, capacity 93431K, committed 106240K, reserved 1128448K
  class space    used 15915K, capacity 23484K, committed 27904K, reserved 1048576K
}
Event: 23136.741 GC heap before
{Heap before GC invocations=4043 (full 6):
 PSYoungGen      total 1393664K, used 1393658K [0x000000076ab00000, 0x00000007c0000000, 0x00000007c0000000)
  eden space 1390592K, 100% used [0x000000076ab00000,0x00000007bf900000,0x00000007bf900000)
  from space 3072K, 99% used [0x00000007bfd00000,0x00000007bfffead8,0x00000007c0000000)
  to   space 3584K, 0% used [0x00000007bf900000,0x00000007bf900000,0x00000007bfc80000)
 ParOldGen       total 594944K, used 326268K [0x00000006c0000000, 0x00000006e4500000, 0x000000076ab00000)
  object space 594944K, 54% used [0x00000006c0000000,0x00000006d3e9f260,0x00000006e4500000)
 Metaspace       used 73630K, capacity 93495K, committed 106240K, reserved 1128448K
  class space    used 15915K, capacity 23484K, committed 27904K, reserved 1048576K
Event: 23136.745 GC heap after
Heap after GC invocations=4043 (full 6):
 PSYoungGen      total 1394176K, used 3579K [0x000000076ab00000, 0x00000007c0000000, 0x00000007c0000000)
  eden space 1390592K, 0% used [0x000000076ab00000,0x000000076ab00000,0x00000007bf900000)
  from space 3584K, 99% used [0x00000007bf900000,0x00000007bfc7ee30,0x00000007bfc80000)
  to   space 3584K, 0% used [0x00000007bfc80000,0x00000007bfc80000,0x00000007c0000000)
 ParOldGen       total 594944K, used 326364K [0x00000006c0000000, 0x00000006e4500000, 0x000000076ab00000)
  object space 594944K, 54% used [0x00000006c0000000,0x00000006d3eb7260,0x00000006e4500000)
 Metaspace       used 73630K, capacity 93495K, committed 106240K, reserved 1128448K
  class space    used 15915K, capacity 23484K, committed 27904K, reserved 1048576K
}
Event: 34067.376 GC heap before
{Heap before GC invocations=4044 (full 6):
 PSYoungGen      total 1394176K, used 1394171K [0x000000076ab00000, 0x00000007c0000000, 0x00000007c0000000)
  eden space 1390592K, 100% used [0x000000076ab00000,0x00000007bf900000,0x00000007bf900000)
  from space 3584K, 99% used [0x00000007bf900000,0x00000007bfc7ee30,0x00000007bfc80000)
  to   space 3584K, 0% used [0x00000007bfc80000,0x00000007bfc80000,0x00000007c0000000)
 ParOldGen       total 594944K, used 326364K [0x00000006c0000000, 0x00000006e4500000, 0x000000076ab00000)
  object space 594944K, 54% used [0x00000006c0000000,0x00000006d3eb7260,0x00000006e4500000)
 Metaspace       used 73670K, capacity 93559K, committed 106240K, reserved 1128448K
  class space    used 15915K, capacity 23484K, committed 27904K, reserved 1048576K
Event: 34067.450 GC heap after
Heap after GC invocations=4044 (full 6):
 PSYoungGen      total 1391104K, used 3572K [0x000000076ab00000, 0x00000007c0000000, 0x00000007c0000000)
  eden space 1387520K, 0% used [0x000000076ab00000,0x000000076ab00000,0x00000007bf600000)
  from space 3584K, 99% used [0x00000007bfc80000,0x00000007bfffd1c0,0x00000007c0000000)
  to   space 5120K, 0% used [0x00000007bf600000,0x00000007bf600000,0x00000007bfb00000)
 ParOldGen       total 594944K, used 328503K [0x00000006c0000000, 0x00000006e4500000, 0x000000076ab00000)
  object space 594944K, 55% used [0x00000006c0000000,0x00000006d40cdc80,0x00000006e4500000)
 Metaspace       used 73670K, capacity 93559K, committed 106240K, reserved 1128448K
  class space    used 15915K, capacity 23484K, committed 27904K, reserved 1048576K
}
Event: 48351.530 GC heap before
{Heap before GC invocations=4045 (full 6):
 PSYoungGen      total 1391104K, used 1391092K [0x000000076ab00000, 0x00000007c0000000, 0x00000007c0000000)
  eden space 1387520K, 100% used [0x000000076ab00000,0x00000007bf600000,0x00000007bf600000)
  from space 3584K, 99% used [0x00000007bfc80000,0x00000007bfffd1c0,0x00000007c0000000)
  to   space 5120K, 0% used [0x00000007bf600000,0x00000007bf600000,0x00000007bfb00000)
 ParOldGen       total 594944K, used 328503K [0x00000006c0000000, 0x00000006e4500000, 0x000000076ab00000)
  object space 594944K, 55% used [0x00000006c0000000,0x00000006d40cdc80,0x00000006e4500000)
 Metaspace       used 73726K, capacity 93623K, committed 106496K, reserved 1128448K
  class space    used 15915K, capacity 23484K, committed 27904K, reserved 1048576K
Event: 48351.553 GC heap after
Heap after GC invocations=4045 (full 6):
 PSYoungGen      total 1392640K, used 5097K [0x000000076ab00000, 0x00000007c0000000, 0x00000007c0000000)
  eden space 1387520K, 0% used [0x000000076ab00000,0x000000076ab00000,0x00000007bf600000)
  from space 5120K, 99% used [0x00000007bf600000,0x00000007bfafa6f0,0x00000007bfb00000)
  to   space 5120K, 0% used [0x00000007bfb00000,0x00000007bfb00000,0x00000007c0000000)
 ParOldGen       total 594944K, used 341682K [0x00000006c0000000, 0x00000006e4500000, 0x000000076ab00000)
  object space 594944K, 57% used [0x00000006c0000000,0x00000006d4dac848,0x00000006e4500000)
 Metaspace       used 73726K, capacity 93623K, committed 106496K, reserved 1128448K
  class space    used 15915K, capacity 23484K, committed 27904K, reserved 1048576K
}
Event: 61795.607 GC heap before
{Heap before GC invocations=4046 (full 6):
 PSYoungGen      total 1392640K, used 1392617K [0x000000076ab00000, 0x00000007c0000000, 0x00000007c0000000)
  eden space 1387520K, 100% used [0x000000076ab00000,0x00000007bf600000,0x00000007bf600000)
  from space 5120K, 99% used [0x00000007bf600000,0x00000007bfafa6f0,0x00000007bfb00000)
  to   space 5120K, 0% used [0x00000007bfb00000,0x00000007bfb00000,0x00000007c0000000)
 ParOldGen       total 594944K, used 341682K [0x00000006c0000000, 0x00000006e4500000, 0x000000076ab00000)
  object space 594944K, 57% used [0x00000006c0000000,0x00000006d4dac848,0x00000006e4500000)
 Metaspace       used 73766K, capacity 93639K, committed 106496K, reserved 1128448K
  class space    used 15917K, capacity 23488K, committed 27904K, reserved 1048576K
Event: 61795.685 GC heap after
Heap after GC invocations=4046 (full 6):
 PSYoungGen      total 1381376K, used 5116K [0x000000076ab00000, 0x00000007c0000000, 0x00000007c0000000)
  eden space 1376256K, 0% used [0x000000076ab00000,0x000000076ab00000,0x00000007beb00000)
  from space 5120K, 99% used [0x00000007bfb00000,0x00000007bffff160,0x00000007c0000000)
  to   space 10752K, 0% used [0x00000007beb00000,0x00000007beb00000,0x00000007bf580000)
 ParOldGen       total 594944K, used 342682K [0x00000006c0000000, 0x00000006e4500000, 0x000000076ab00000)
  object space 594944K, 57% used [0x00000006c0000000,0x00000006d4ea6848,0x00000006e4500000)
 Metaspace       used 73766K, capacity 93639K, committed 106496K, reserved 1128448K
  class space    used 15917K, capacity 23488K, committed 27904K, reserved 1048576K
}

Deoptimization events (10 events):
Event: 14613.035 Thread 0x00007fa8b17ac800 Uncommon trap: reason=class_check action=maybe_recompile pc=0x0000000113697040 method=javax.swing.RepaintManager.addDirtyRegion0(Ljava/awt/Container;IIII)V @ 99
Event: 14911.100 Thread 0x00007fa8b1ce6000 Uncommon trap: reason=bimorphic action=maybe_recompile pc=0x0000000113b6fad4 method=sun.security.provider.DigestBase.engineDigest([BII)I @ 97
Event: 14911.100 Thread 0x00007fa8b1ce6000 Uncommon trap: reason=bimorphic action=maybe_recompile pc=0x0000000113b6fad4 method=sun.security.provider.DigestBase.engineDigest([BII)I @ 97
Event: 15814.778 Thread 0x00007fa8b1298800 Uncommon trap: reason=unreached action=reinterpret pc=0x0000000113111078 method=java.util.HashMap.getNode(ILjava/lang/Object;)Ljava/util/HashMap$Node; @ 84
Event: 15814.778 Thread 0x00007fa8b1298800 Uncommon trap: reason=unreached action=reinterpret pc=0x00000001134ec908 method=java.util.HashMap.putVal(ILjava/lang/Object;Ljava/lang/Object;ZZ)Ljava/lang/Object; @ 109
Event: 15814.778 Thread 0x00007fa8b1298800 Uncommon trap: reason=unreached action=reinterpret pc=0x0000000112263934 method=java.util.HashMap.getNode(ILjava/lang/Object;)Ljava/util/HashMap$Node; @ 84
Event: 15814.778 Thread 0x00007fa8b1298800 Uncommon trap: reason=unreached action=reinterpret pc=0x000000011271fa60 method=java.util.HashMap.putVal(ILjava/lang/Object;Ljava/lang/Object;ZZ)Ljava/lang/Object; @ 109
Event: 17758.710 Thread 0x00007fa8ab73e000 Uncommon trap: reason=class_check action=maybe_recompile pc=0x0000000113671a50 method=sun.java2d.opengl.OGLRenderQueue$QueueFlusher.run()V @ 95
Event: 23751.230 Thread 0x00007fa8ab73e000 Uncommon trap: reason=class_check action=maybe_recompile pc=0x0000000113671a50 method=sun.java2d.opengl.OGLRenderQueue$QueueFlusher.run()V @ 95
Event: 25904.721 Thread 0x00007fa8b1298800 Uncommon trap: reason=unreached action=reinterpret pc=0x00000001119c2648 method=java.util.HashMap.resize()[Ljava/util/HashMap$Node; @ 206

Internal exceptions (10 events):
Event: 14407.262 Thread 0x00007fa8b1ce6000 Exception <a 'java/security/PrivilegedActionException'> (0x0000000794a37c10) thrown at [/Users/java_re/workspace/8-2-build-macosx-x86_64/jdk8u31/2394/hotspot/src/share/vm/prims/jvm.cpp, line 1312]
Event: 14407.262 Thread 0x00007fa8b1ce6000 Exception <a 'java/security/PrivilegedActionException'> (0x0000000794a39c60) thrown at [/Users/java_re/workspace/8-2-build-macosx-x86_64/jdk8u31/2394/hotspot/src/share/vm/prims/jvm.cpp, line 1312]
Event: 14407.262 Thread 0x00007fa8b1ce6000 Exception <a 'java/security/PrivilegedActionException'> (0x0000000794a435c0) thrown at [/Users/java_re/workspace/8-2-build-macosx-x86_64/jdk8u31/2394/hotspot/src/share/vm/prims/jvm.cpp, line 1312]
Event: 14407.262 Thread 0x00007fa8b1ce6000 Exception <a 'java/security/PrivilegedActionException'> (0x0000000794a44940) thrown at [/Users/java_re/workspace/8-2-build-macosx-x86_64/jdk8u31/2394/hotspot/src/share/vm/prims/jvm.cpp, line 1312]
Event: 14407.262 Thread 0x00007fa8b1ce6000 Exception <a 'java/security/PrivilegedActionException'> (0x0000000794a45cc0) thrown at [/Users/java_re/workspace/8-2-build-macosx-x86_64/jdk8u31/2394/hotspot/src/share/vm/prims/jvm.cpp, line 1312]
Event: 14407.263 Thread 0x00007fa8b1ce6000 Exception <a 'java/security/PrivilegedActionException'> (0x0000000794a47040) thrown at [/Users/java_re/workspace/8-2-build-macosx-x86_64/jdk8u31/2394/hotspot/src/share/vm/prims/jvm.cpp, line 1312]
Event: 14407.263 Thread 0x00007fa8b1ce6000 Exception <a 'java/security/PrivilegedActionException'> (0x0000000794a483c0) thrown at [/Users/java_re/workspace/8-2-build-macosx-x86_64/jdk8u31/2394/hotspot/src/share/vm/prims/jvm.cpp, line 1312]
Event: 14407.263 Thread 0x00007fa8b1ce6000 Exception <a 'java/security/PrivilegedActionException'> (0x0000000794a49740) thrown at [/Users/java_re/workspace/8-2-build-macosx-x86_64/jdk8u31/2394/hotspot/src/share/vm/prims/jvm.cpp, line 1312]
Event: 14407.263 Thread 0x00007fa8b1ce6000 Exception <a 'java/security/PrivilegedActionException'> (0x0000000794a4aac0) thrown at [/Users/java_re/workspace/8-2-build-macosx-x86_64/jdk8u31/2394/hotspot/src/share/vm/prims/jvm.cpp, line 1312]
Event: 14407.263 Thread 0x00007fa8b1ce6000 Exception <a 'java/security/PrivilegedActionException'> (0x0000000794a4bcb0) thrown at [/Users/java_re/workspace/8-2-build-macosx-x86_64/jdk8u31/2394/hotspot/src/share/vm/prims/jvm.cpp, line 1312]

Events (10 events):
Event: 61795.607 Executing VM operation: ParallelGCFailedAllocation
Event: 61795.685 Executing VM operation: ParallelGCFailedAllocation done
Event: 61795.685 Executing VM operation: RevokeBias
Event: 61795.685 Executing VM operation: RevokeBias done
Event: 61795.685 Executing VM operation: RevokeBias
Event: 61795.685 Executing VM operation: RevokeBias done
Event: 61795.685 Executing VM operation: RevokeBias
Event: 61795.685 Executing VM operation: RevokeBias done
Event: 61795.686 Executing VM operation: RevokeBias
Event: 61795.686 Executing VM operation: RevokeBias done


Dynamic libraries:
0x000000000132c000 	/System/Library/Frameworks/Cocoa.framework/Versions/A/Cocoa
0x000000000132c000 	/System/Library/Frameworks/Security.framework/Versions/A/Security
0x000000000132c000 	/System/Library/Frameworks/ApplicationServices.framework/Versions/A/ApplicationServices
0x000000000132c000 	/usr/lib/libz.1.dylib
0x000000000132c000 	/usr/lib/libSystem.B.dylib
0x000000000132c000 	/usr/lib/libobjc.A.dylib
0x000000000132c000 	/System/Library/Frameworks/CoreFoundation.framework/Versions/A/CoreFoundation
0x000000000132c000 	/System/Library/Frameworks/Foundation.framework/Versions/C/Foundation
0x000000000132c000 	/System/Library/Frameworks/AppKit.framework/Versions/C/AppKit
0x000000000132c000 	/System/Library/Frameworks/CoreData.framework/Versions/A/CoreData
0x000000000132c000 	/System/Library/PrivateFrameworks/RemoteViewServices.framework/Versions/A/RemoteViewServices
0x000000000132c000 	/System/Library/PrivateFrameworks/UIFoundation.framework/Versions/A/UIFoundation
0x000000000132c000 	/System/Library/Frameworks/IOSurface.framework/Versions/A/IOSurface
0x000000000132c000 	/System/Library/Frameworks/AudioToolbox.framework/Versions/A/AudioToolbox
0x000000000132c000 	/System/Library/Frameworks/AudioUnit.framework/Versions/A/AudioUnit
0x000000000132c000 	/System/Library/PrivateFrameworks/DataDetectorsCore.framework/Versions/A/DataDetectorsCore
0x000000000132c000 	/System/Library/PrivateFrameworks/DesktopServicesPriv.framework/Versions/A/DesktopServicesPriv
0x000000000132c000 	/System/Library/Frameworks/Carbon.framework/Versions/A/Frameworks/HIToolbox.framework/Versions/A/HIToolbox
0x000000000132c000 	/System/Library/Frameworks/QuartzCore.framework/Versions/A/QuartzCore
0x000000000132c000 	/System/Library/Frameworks/Carbon.framework/Versions/A/Frameworks/SpeechRecognition.framework/Versions/A/SpeechRecognition
0x000000000132c000 	/usr/lib/libauto.dylib
0x000000000132c000 	/usr/lib/libicucore.A.dylib
0x000000000132c000 	/usr/lib/libxml2.2.dylib
0x000000000132c000 	/System/Library/PrivateFrameworks/CoreUI.framework/Versions/A/CoreUI
0x000000000132c000 	/System/Library/Frameworks/CoreAudio.framework/Versions/A/CoreAudio
0x000000000132c000 	/System/Library/Frameworks/DiskArbitration.framework/Versions/A/DiskArbitration
0x000000000132c000 	/usr/lib/liblangid.dylib
0x000000000132c000 	/System/Library/PrivateFrameworks/MultitouchSupport.framework/Versions/A/MultitouchSupport
0x000000000132c000 	/System/Library/Frameworks/IOKit.framework/Versions/A/IOKit
0x000000000132c000 	/usr/lib/libDiagnosticMessagesClient.dylib
0x000000000132c000 	/System/Library/Frameworks/CoreServices.framework/Versions/A/CoreServices
0x000000000132c000 	/System/Library/PrivateFrameworks/PerformanceAnalysis.framework/Versions/A/PerformanceAnalysis
0x000000000132c000 	/System/Library/PrivateFrameworks/GenerationalStorage.framework/Versions/A/GenerationalStorage
0x000000000132c000 	/System/Library/Frameworks/OpenGL.framework/Versions/A/OpenGL
0x000000000132c000 	/System/Library/PrivateFrameworks/Sharing.framework/Versions/A/Sharing
0x000000000132c000 	/System/Library/Frameworks/CoreGraphics.framework/Versions/A/CoreGraphics
0x000000000132c000 	/System/Library/Frameworks/CoreText.framework/Versions/A/CoreText
0x000000000132c000 	/System/Library/Frameworks/ImageIO.framework/Versions/A/ImageIO
0x000000000132c000 	/usr/lib/libextension.dylib
0x000000000132c000 	/System/Library/PrivateFrameworks/Backup.framework/Versions/A/Backup
0x000000000132c000 	/usr/lib/libarchive.2.dylib
0x000000000132c000 	/System/Library/Frameworks/CFNetwork.framework/Versions/A/CFNetwork
0x000000000132c000 	/System/Library/Frameworks/SystemConfiguration.framework/Versions/A/SystemConfiguration
0x000000000132c000 	/usr/lib/libCRFSuite.dylib
0x000000000132c000 	/usr/lib/libc++.1.dylib
0x000000000132c000 	/usr/lib/libc++abi.dylib
0x000000000132c000 	/usr/lib/system/libcache.dylib
0x000000000132c000 	/usr/lib/system/libcommonCrypto.dylib
0x000000000132c000 	/usr/lib/system/libcompiler_rt.dylib
0x000000000132c000 	/usr/lib/system/libcopyfile.dylib
0x000000000132c000 	/usr/lib/system/libcorecrypto.dylib
0x000000000132c000 	/usr/lib/system/libdispatch.dylib
0x000000000132c000 	/usr/lib/system/libdyld.dylib
0x000000000132c000 	/usr/lib/system/libkeymgr.dylib
0x000000000132c000 	/usr/lib/system/liblaunch.dylib
0x000000000132c000 	/usr/lib/system/libmacho.dylib
0x000000000132c000 	/usr/lib/system/libquarantine.dylib
0x000000000132c000 	/usr/lib/system/libremovefile.dylib
0x000000000132c000 	/usr/lib/system/libsystem_asl.dylib
0x000000000132c000 	/usr/lib/system/libsystem_blocks.dylib
0x000000000132c000 	/usr/lib/system/libsystem_c.dylib
0x000000000132c000 	/usr/lib/system/libsystem_configuration.dylib
0x000000000132c000 	/usr/lib/system/libsystem_coreservices.dylib
0x000000000132c000 	/usr/lib/system/libsystem_coretls.dylib
0x000000000132c000 	/usr/lib/system/libsystem_dnssd.dylib
0x000000000132c000 	/usr/lib/system/libsystem_info.dylib
0x000000000132c000 	/usr/lib/system/libsystem_kernel.dylib
0x000000000132c000 	/usr/lib/system/libsystem_m.dylib
0x000000000132c000 	/usr/lib/system/libsystem_malloc.dylib
0x000000000132c000 	/usr/lib/system/libsystem_network.dylib
0x000000000132c000 	/usr/lib/system/libsystem_networkextension.dylib
0x000000000132c000 	/usr/lib/system/libsystem_notify.dylib
0x000000000132c000 	/usr/lib/system/libsystem_platform.dylib
0x000000000132c000 	/usr/lib/system/libsystem_pthread.dylib
0x000000000132c000 	/usr/lib/system/libsystem_sandbox.dylib
0x000000000132c000 	/usr/lib/system/libsystem_secinit.dylib
0x000000000132c000 	/usr/lib/system/libsystem_stats.dylib
0x000000000132c000 	/usr/lib/system/libsystem_trace.dylib
0x000000000132c000 	/usr/lib/system/libunc.dylib
0x000000000132c000 	/usr/lib/system/libunwind.dylib
0x000000000132c000 	/usr/lib/system/libxpc.dylib
0x000000000132c000 	/usr/lib/libbz2.1.0.dylib
0x000000000132c000 	/usr/lib/liblzma.5.dylib
0x000000000132c000 	/usr/lib/libbsm.0.dylib
0x000000000132c000 	/usr/lib/libsqlite3.dylib
0x000000000132c000 	/usr/lib/system/libkxld.dylib
0x000000000132c000 	/usr/lib/libxar.1.dylib
0x000000000132c000 	/usr/lib/libpam.2.dylib
0x000000000132c000 	/usr/lib/libOpenScriptingUtil.dylib
0x000000000132c000 	/System/Library/Frameworks/CoreServices.framework/Versions/A/Frameworks/FSEvents.framework/Versions/A/FSEvents
0x000000000132c000 	/System/Library/Frameworks/CoreServices.framework/Versions/A/Frameworks/CarbonCore.framework/Versions/A/CarbonCore
0x000000000132c000 	/System/Library/Frameworks/CoreServices.framework/Versions/A/Frameworks/Metadata.framework/Versions/A/Metadata
0x000000000132c000 	/System/Library/Frameworks/CoreServices.framework/Versions/A/Frameworks/OSServices.framework/Versions/A/OSServices
0x000000000132c000 	/System/Library/Frameworks/CoreServices.framework/Versions/A/Frameworks/SearchKit.framework/Versions/A/SearchKit
0x000000000132c000 	/System/Library/Frameworks/CoreServices.framework/Versions/A/Frameworks/AE.framework/Versions/A/AE
0x000000000132c000 	/System/Library/Frameworks/CoreServices.framework/Versions/A/Frameworks/LaunchServices.framework/Versions/A/LaunchServices
0x000000000132c000 	/System/Library/Frameworks/CoreServices.framework/Versions/A/Frameworks/DictionaryServices.framework/Versions/A/DictionaryServices
0x000000000132c000 	/System/Library/Frameworks/NetFS.framework/Versions/A/NetFS
0x000000000132c000 	/System/Library/PrivateFrameworks/NetAuth.framework/Versions/A/NetAuth
0x000000000132c000 	/System/Library/PrivateFrameworks/login.framework/Versions/A/Frameworks/loginsupport.framework/Versions/A/loginsupport
0x000000000132c000 	/System/Library/PrivateFrameworks/TCC.framework/Versions/A/TCC
0x000000000132c000 	/usr/lib/libmecabra.dylib
0x000000000132c000 	/System/Library/Frameworks/ApplicationServices.framework/Versions/A/Frameworks/ATS.framework/Versions/A/ATS
0x000000000132c000 	/System/Library/Frameworks/ApplicationServices.framework/Versions/A/Frameworks/ColorSync.framework/Versions/A/ColorSync
0x000000000132c000 	/System/Library/Frameworks/ApplicationServices.framework/Versions/A/Frameworks/HIServices.framework/Versions/A/HIServices
0x000000000132c000 	/System/Library/Frameworks/ApplicationServices.framework/Versions/A/Frameworks/LangAnalysis.framework/Versions/A/LangAnalysis
0x000000000132c000 	/System/Library/Frameworks/ApplicationServices.framework/Versions/A/Frameworks/PrintCore.framework/Versions/A/PrintCore
0x000000000132c000 	/System/Library/Frameworks/ApplicationServices.framework/Versions/A/Frameworks/QD.framework/Versions/A/QD
0x000000000132c000 	/System/Library/Frameworks/ApplicationServices.framework/Versions/A/Frameworks/SpeechSynthesis.framework/Versions/A/SpeechSynthesis
0x000000000132c000 	/System/Library/Frameworks/Accelerate.framework/Versions/A/Accelerate
0x000000000132c000 	/System/Library/Frameworks/Accelerate.framework/Versions/A/Frameworks/vImage.framework/Versions/A/vImage
0x000000000132c000 	/System/Library/Frameworks/Accelerate.framework/Versions/A/Frameworks/vecLib.framework/Versions/A/vecLib
0x000000000132c000 	/System/Library/Frameworks/Accelerate.framework/Versions/A/Frameworks/vecLib.framework/Versions/A/libvDSP.dylib
0x000000000132c000 	/System/Library/Frameworks/Accelerate.framework/Versions/A/Frameworks/vecLib.framework/Versions/A/libvMisc.dylib
0x000000000132c000 	/System/Library/Frameworks/Accelerate.framework/Versions/A/Frameworks/vecLib.framework/Versions/A/libLAPACK.dylib
0x000000000132c000 	/System/Library/Frameworks/Accelerate.framework/Versions/A/Frameworks/vecLib.framework/Versions/A/libBLAS.dylib
0x000000000132c000 	/System/Library/Frameworks/Accelerate.framework/Versions/A/Frameworks/vecLib.framework/Versions/A/libLinearAlgebra.dylib
0x000000000132c000 	/System/Library/Frameworks/ApplicationServices.framework/Versions/A/Frameworks/ATS.framework/Versions/A/Resources/libFontParser.dylib
0x000000000132c000 	/System/Library/Frameworks/ApplicationServices.framework/Versions/A/Frameworks/ATS.framework/Versions/A/Resources/libFontRegistry.dylib
0x000000000132c000 	/System/Library/PrivateFrameworks/AppleVPA.framework/Versions/A/AppleVPA
0x000000000132c000 	/System/Library/PrivateFrameworks/AppleJPEG.framework/Versions/A/AppleJPEG
0x000000000132c000 	/System/Library/Frameworks/ImageIO.framework/Versions/A/Resources/libJPEG.dylib
0x000000000132c000 	/System/Library/Frameworks/ImageIO.framework/Versions/A/Resources/libTIFF.dylib
0x000000000132c000 	/System/Library/Frameworks/ImageIO.framework/Versions/A/Resources/libPng.dylib
0x000000000132c000 	/System/Library/Frameworks/ImageIO.framework/Versions/A/Resources/libGIF.dylib
0x000000000132c000 	/System/Library/Frameworks/ImageIO.framework/Versions/A/Resources/libJP2.dylib
0x000000000132c000 	/System/Library/Frameworks/ImageIO.framework/Versions/A/Resources/libRadiance.dylib
0x000000000132c000 	/System/Library/Frameworks/CoreVideo.framework/Versions/A/CoreVideo
0x000000000132c000 	/System/Library/Frameworks/OpenGL.framework/Versions/A/Libraries/libGLU.dylib
0x000000000132c000 	/System/Library/Frameworks/OpenGL.framework/Versions/A/Libraries/libGFXShared.dylib
0x000000000132c000 	/System/Library/Frameworks/OpenGL.framework/Versions/A/Libraries/libGL.dylib
0x000000000132c000 	/System/Library/Frameworks/OpenGL.framework/Versions/A/Libraries/libGLImage.dylib
0x000000000132c000 	/System/Library/Frameworks/OpenGL.framework/Versions/A/Libraries/libCVMSPluginSupport.dylib
0x000000000132c000 	/System/Library/Frameworks/OpenGL.framework/Versions/A/Libraries/libCoreVMClient.dylib
0x000000000132c000 	/usr/lib/libcups.2.dylib
0x000000000132c000 	/System/Library/Frameworks/Kerberos.framework/Versions/A/Kerberos
0x000000000132c000 	/System/Library/Frameworks/GSS.framework/Versions/A/GSS
0x000000000132c000 	/usr/lib/libresolv.9.dylib
0x000000000132c000 	/usr/lib/libiconv.2.dylib
0x000000000132c000 	/System/Library/PrivateFrameworks/Heimdal.framework/Versions/A/Heimdal
0x000000000132c000 	/usr/lib/libheimdal-asn1.dylib
0x000000000132c000 	/System/Library/Frameworks/OpenDirectory.framework/Versions/A/OpenDirectory
0x000000000132c000 	/System/Library/PrivateFrameworks/CommonAuth.framework/Versions/A/CommonAuth
0x000000000132c000 	/System/Library/Frameworks/OpenDirectory.framework/Versions/A/Frameworks/CFOpenDirectory.framework/Versions/A/CFOpenDirectory
0x000000000132c000 	/System/Library/Frameworks/SecurityFoundation.framework/Versions/A/SecurityFoundation
0x000000000132c000 	/System/Library/PrivateFrameworks/LanguageModeling.framework/Versions/A/LanguageModeling
0x000000000132c000 	/usr/lib/libcmph.dylib
0x000000000132c000 	/System/Library/Frameworks/ServiceManagement.framework/Versions/A/ServiceManagement
0x000000000132c000 	/usr/lib/libxslt.1.dylib
0x000000000132c000 	/System/Library/Frameworks/Carbon.framework/Versions/A/Frameworks/Ink.framework/Versions/A/Ink
0x000000000132c000 	/System/Library/Frameworks/QuartzCore.framework/Versions/A/Frameworks/CoreImage.framework/Versions/A/CoreImage
0x000000000132c000 	/System/Library/PrivateFrameworks/CrashReporterSupport.framework/Versions/A/CrashReporterSupport
0x000000000132c000 	/System/Library/Frameworks/OpenCL.framework/Versions/A/OpenCL
0x000000000132c000 	/System/Library/PrivateFrameworks/FaceCore.framework/Versions/A/FaceCore
0x000000000132c000 	/System/Library/PrivateFrameworks/Ubiquity.framework/Versions/A/Ubiquity
0x000000000132c000 	/System/Library/PrivateFrameworks/IconServices.framework/Versions/A/IconServices
0x000000000132c000 	/System/Library/PrivateFrameworks/ChunkingLibrary.framework/Versions/A/ChunkingLibrary
0x000000000132c000 	/System/Library/PrivateFrameworks/Apple80211.framework/Versions/A/Apple80211
0x000000000132c000 	/System/Library/Frameworks/CoreWLAN.framework/Versions/A/CoreWLAN
0x000000000132c000 	/System/Library/Frameworks/IOBluetooth.framework/Versions/A/IOBluetooth
0x000000000132c000 	/System/Library/PrivateFrameworks/CoreWiFi.framework/Versions/A/CoreWiFi
0x000000000132c000 	/System/Library/Frameworks/CoreBluetooth.framework/Versions/A/CoreBluetooth
0x000000000132c000 	/System/Library/PrivateFrameworks/DebugSymbols.framework/Versions/A/DebugSymbols
0x000000000132c000 	/System/Library/PrivateFrameworks/CoreSymbolication.framework/Versions/A/CoreSymbolication
0x000000000132c000 	/System/Library/PrivateFrameworks/Symbolication.framework/Versions/A/Symbolication
0x000000000132c000 	/System/Library/PrivateFrameworks/SpeechRecognitionCore.framework/Versions/A/SpeechRecognitionCore
0x0000000110800000 	/Library/Java/JavaVirtualMachines/jdk1.8.0_31.jdk/Contents/Home/jre/lib/server/libjvm.dylib
0x000000000132c000 	/usr/lib/libstdc++.6.dylib
0x000000010f7d6000 	/Library/Java/JavaVirtualMachines/jdk1.8.0_31.jdk/Contents/Home/jre/lib/libverify.dylib
0x000000011171f000 	/Library/Java/JavaVirtualMachines/jdk1.8.0_31.jdk/Contents/Home/jre/lib/libjava.dylib
0x000000010f7ee000 	/Library/Java/JavaVirtualMachines/jdk1.8.0_31.jdk/Contents/Home/jre/lib/libzip.dylib
0x000000012d327000 	/System/Library/Frameworks/JavaVM.framework/Frameworks/JavaRuntimeSupport.framework/JavaRuntimeSupport
0x000000012d33f000 	/System/Library/Frameworks/JavaVM.framework/Versions/A/Frameworks/JavaNativeFoundation.framework/Versions/A/JavaNativeFoundation
0x000000012d354000 	/System/Library/Frameworks/JavaVM.framework/Versions/A/JavaVM
0x000000000132c000 	/System/Library/Frameworks/Carbon.framework/Versions/A/Carbon
0x000000012d361000 	/System/Library/PrivateFrameworks/JavaLaunching.framework/Versions/A/JavaLaunching
0x000000000132c000 	/System/Library/Frameworks/Carbon.framework/Versions/A/Frameworks/CommonPanels.framework/Versions/A/CommonPanels
0x000000000132c000 	/System/Library/Frameworks/Carbon.framework/Versions/A/Frameworks/Help.framework/Versions/A/Help
0x000000000132c000 	/System/Library/Frameworks/Carbon.framework/Versions/A/Frameworks/ImageCapture.framework/Versions/A/ImageCapture
0x000000000132c000 	/System/Library/Frameworks/Carbon.framework/Versions/A/Frameworks/OpenScripting.framework/Versions/A/OpenScripting
0x000000000132c000 	/System/Library/Frameworks/Carbon.framework/Versions/A/Frameworks/Print.framework/Versions/A/Print
0x000000000132c000 	/System/Library/Frameworks/Carbon.framework/Versions/A/Frameworks/SecurityHI.framework/Versions/A/SecurityHI
0x000000012f715000 	/Library/Java/JavaVirtualMachines/jdk1.8.0_31.jdk/Contents/Home/jre/lib/libnet.dylib
0x000000013128d000 	/Library/Java/JavaVirtualMachines/jdk1.8.0_31.jdk/Contents/Home/jre/lib/libawt.dylib
0x000000013133c000 	/Library/Java/JavaVirtualMachines/jdk1.8.0_31.jdk/Contents/Home/jre/lib/./libmlib_image.dylib
0x0000000131686000 	/Library/Java/JavaVirtualMachines/jdk1.8.0_31.jdk/Contents/Home/jre/lib/libawt_lwawt.dylib
0x000000012fa76000 	/Library/Java/JavaVirtualMachines/jdk1.8.0_31.jdk/Contents/Home/jre/lib/./libosxapp.dylib
0x000000000132c000 	/System/Library/Frameworks/ExceptionHandling.framework/Versions/A/ExceptionHandling
0x000000000132c000 	/System/Library/PrivateFrameworks/CoreServicesInternal.framework/Versions/A/CoreServicesInternal
0x000000000132c000 	/System/Library/PrivateFrameworks/CloudDocs.framework/Versions/A/CloudDocs
0x000000000132c000 	/System/Library/PrivateFrameworks/CoreDuet.framework/Versions/A/CoreDuet
0x000000000132c000 	/System/Library/Frameworks/CloudKit.framework/Versions/A/CloudKit
0x000000000132c000 	/System/Library/PrivateFrameworks/ProtocolBuffer.framework/Versions/A/ProtocolBuffer
0x000000000132c000 	/System/Library/PrivateFrameworks/CoreDuetDaemonProtocol.framework/Versions/A/CoreDuetDaemonProtocol
0x000000000132c000 	/System/Library/PrivateFrameworks/CoreDuetDebugLogging.framework/Versions/A/CoreDuetDebugLogging
0x000000000132c000 	/System/Library/PrivateFrameworks/MMCS.framework/Versions/A/MMCS
0x000000000132c000 	/System/Library/Frameworks/CoreLocation.framework/Versions/A/CoreLocation
0x000000000132c000 	/System/Library/PrivateFrameworks/ProtectedCloudStorage.framework/Versions/A/ProtectedCloudStorage
0x000000000132c000 	/System/Library/PrivateFrameworks/GeoServices.framework/Versions/A/GeoServices
0x000000000132c000 	/System/Library/Frameworks/CoreGraphics.framework/Versions/A/Resources/libCGCMS.A.dylib
0x000000000132c000 	/System/Library/Frameworks/CoreGraphics.framework/Versions/A/Resources/libRIP.A.dylib
0x000000000132c000 	/System/Library/PrivateFrameworks/FamilyControls.framework/Versions/A/FamilyControls
0x000000000132c000 	/System/Library/PrivateFrameworks/CommerceKit.framework/Versions/A/Frameworks/CommerceCore.framework/Versions/A/CommerceCore
0x000000000132c000 	/System/Library/PrivateFrameworks/SystemAdministration.framework/Versions/A/SystemAdministration
0x000000000132c000 	/System/Library/PrivateFrameworks/AppContainer.framework/Versions/A/AppContainer
0x000000000132c000 	/System/Library/PrivateFrameworks/SecCodeWrapper.framework/Versions/A/SecCodeWrapper
0x000000000132c000 	/System/Library/Frameworks/DirectoryService.framework/Versions/A/DirectoryService
0x000000000132c000 	/System/Library/PrivateFrameworks/DiskImages.framework/Versions/A/DiskImages
0x000000000132c000 	/System/Library/PrivateFrameworks/LoginUIKit.framework/Versions/A/Frameworks/LoginUICore.framework/Versions/A/LoginUICore
0x000000000132c000 	/usr/lib/libCoreStorage.dylib
0x000000000132c000 	/usr/lib/libcsfde.dylib
0x000000000132c000 	/usr/lib/libodfde.dylib
0x000000000132c000 	/System/Library/Frameworks/DiscRecording.framework/Versions/A/DiscRecording
0x000000000132c000 	/usr/lib/libcurl.4.dylib
0x000000000132c000 	/System/Library/PrivateFrameworks/MediaKit.framework/Versions/A/MediaKit
0x000000000132c000 	/System/Library/PrivateFrameworks/EFILogin.framework/Versions/A/EFILogin
0x000000000132c000 	/usr/lib/libutil.dylib
0x000000000132c000 	/System/Library/PrivateFrameworks/FindMyDevice.framework/Versions/A/FindMyDevice
0x000000000132c000 	/System/Library/Frameworks/LDAP.framework/Versions/A/LDAP
0x000000000132c000 	/usr/lib/libsasl2.2.dylib
0x000000000132c000 	/System/Library/PrivateFrameworks/CoreDaemon.framework/Versions/B/CoreDaemon
0x000000000132c000 	/usr/lib/libcrypto.0.9.8.dylib
0x000000000132c000 	/System/Library/PrivateFrameworks/AppleSRP.framework/Versions/A/AppleSRP
0x000000000132c000 	/System/Library/PrivateFrameworks/TrustEvaluationAgent.framework/Versions/A/TrustEvaluationAgent
0x000000012d473000 	/Library/Java/JavaVirtualMachines/jdk1.8.0_31.jdk/Contents/Home/jre/lib/libfontmanager.dylib
0x000000012d4da000 	/Library/Java/JavaVirtualMachines/jdk1.8.0_31.jdk/Contents/Home/jre/lib/libosxui.dylib
0x000000000132c000 	/System/Library/Frameworks/OpenGL.framework/Versions/A/Resources/GLEngine.bundle/GLEngine
0x000000000132c000 	/System/Library/Frameworks/OpenGL.framework/Versions/A/Libraries/libGLProgrammability.dylib
0x0000000000000000 	/System/Library/Extensions/AppleIntelHD5000GraphicsGLDriver.bundle/Contents/MacOS/AppleIntelHD5000GraphicsGLDriver
0x000000000132c000 	/System/Library/PrivateFrameworks/IOAccelerator.framework/Versions/A/IOAccelerator
0x000000000132c000 	/System/Library/PrivateFrameworks/GPUSupport.framework/Versions/A/Libraries/libGPUSupportMercury.dylib
0x0000000000000000 	/System/Library/Extensions/GeForceGLDriver.bundle/Contents/MacOS/GeForceGLDriver
0x000000000132c000 	/System/Library/Extensions/GeForceGLDriver.bundle/Contents/MacOS/libclh.dylib
0x000000000132c000 	/System/Library/Frameworks/OpenGL.framework/Versions/A/Resources/GLRendererFloat.bundle/GLRendererFloat
0x000000000132c000 	/System/Library/Frameworks/OpenCL.framework/Versions/A/Libraries/libcldcpuengine.dylib
0x0000000131af6000 	/Library/Java/JavaVirtualMachines/jdk1.8.0_31.jdk/Contents/Home/jre/lib/libsunec.dylib
0x000000000132c000 	/System/Library/Frameworks/CoreGraphics.framework/Versions/A/Resources/libCGXType.A.dylib
0x00000001371c1000 	/Library/Java/JavaVirtualMachines/jdk1.8.0_31.jdk/Contents/Home/jre/lib/libnio.dylib
0x000000013d6d3000 	/Library/Java/JavaVirtualMachines/jdk1.8.0_31.jdk/Contents/Home/jre/lib/libdcpr.dylib
0x000000000132c000 	/System/Library/PrivateFrameworks/PrintingPrivate.framework/Versions/A/PrintingPrivate
0x000000000132c000 	/System/Library/Frameworks/ImageCaptureCore.framework/Versions/A/ImageCaptureCore
0x000000000132c000 	/System/Library/Frameworks/SecurityInterface.framework/Versions/A/SecurityInterface
0x00000001422fa000 	/System/Library/PrivateFrameworks/PrintingPrivate.framework/Versions/Current/Plugins/PrintCocoaUI.bundle/Contents/MacOS/PrintCocoaUI
0x000000000132c000 	/System/Library/Frameworks/ScriptingBridge.framework/Versions/A/ScriptingBridge
0x000000000132c000 	/usr/lib/libffi.dylib
0x000000014234c000 	/System/Library/PrivateFrameworks/PrintingPrivate.framework/Versions/A/Plugins/PrintingCocoaPDEs.bundle/Contents/MacOS/PrintingCocoaPDEs
0x000000000132c000 	/System/Library/Frameworks/AddressBook.framework/Versions/A/AddressBook
0x000000000132c000 	/System/Library/PrivateFrameworks/IntlPreferences.framework/Versions/A/IntlPreferences
0x000000000132c000 	/System/Library/PrivateFrameworks/ToneLibrary.framework/Versions/A/ToneLibrary
0x000000000132c000 	/System/Library/PrivateFrameworks/ToneKit.framework/Versions/A/ToneKit
0x000000000132c000 	/System/Library/PrivateFrameworks/vCard.framework/Versions/A/vCard
0x000000000132c000 	/System/Library/Frameworks/Quartz.framework/Versions/A/Frameworks/QuickLookUI.framework/Versions/A/QuickLookUI
0x000000000132c000 	/System/Library/PrivateFrameworks/ApplePushService.framework/Versions/A/ApplePushService
0x000000000132c000 	/System/Library/PrivateFrameworks/ContactsData.framework/Versions/A/ContactsData
0x000000000132c000 	/System/Library/PrivateFrameworks/ContactsFoundation.framework/Versions/A/ContactsFoundation
0x000000000132c000 	/System/Library/PrivateFrameworks/PhoneNumbers.framework/Versions/A/PhoneNumbers
0x000000000132c000 	/System/Library/Frameworks/Quartz.framework/Versions/A/Quartz
0x000000000132c000 	/System/Library/Frameworks/AVFoundation.framework/Versions/A/AVFoundation
0x000000000132c000 	/System/Library/Frameworks/AVFoundation.framework/Versions/A/Resources/libAVFAudio.dylib
0x000000000132c000 	/System/Library/Frameworks/CoreMedia.framework/Versions/A/CoreMedia
0x000000000132c000 	/System/Library/Frameworks/MediaToolbox.framework/Versions/A/MediaToolbox
0x000000000132c000 	/System/Library/Frameworks/VideoToolbox.framework/Versions/A/VideoToolbox
0x000000000132c000 	/System/Library/Frameworks/CoreMediaIO.framework/Versions/A/CoreMediaIO
0x000000000132c000 	/System/Library/PrivateFrameworks/MediaControlSender.framework/Versions/A/MediaControlSender
0x000000000132c000 	/System/Library/PrivateFrameworks/CoreAVCHD.framework/Versions/A/CoreAVCHD
0x000000000132c000 	/System/Library/Frameworks/MediaAccessibility.framework/Versions/A/MediaAccessibility
0x000000000132c000 	/System/Library/PrivateFrameworks/Mangrove.framework/Versions/A/Mangrove
0x000000000132c000 	/System/Library/PrivateFrameworks/CoreAUC.framework/Versions/A/CoreAUC
0x000000000132c000 	/System/Library/PrivateFrameworks/NetworkStatistics.framework/Versions/A/NetworkStatistics
0x000000000132c000 	/System/Library/PrivateFrameworks/AirPlaySupport.framework/Versions/A/AirPlaySupport
0x000000000132c000 	/System/Library/PrivateFrameworks/CoreUtils.framework/Versions/A/CoreUtils
0x000000000132c000 	/System/Library/PrivateFrameworks/AppleVA.framework/Versions/A/AppleVA
0x000000000132c000 	/System/Library/PrivateFrameworks/XPCService.framework/Versions/A/XPCService
0x000000000132c000 	/System/Library/PrivateFrameworks/AppSandbox.framework/Versions/A/AppSandbox
0x000000000132c000 	/usr/lib/libsandbox.1.dylib
0x000000000132c000 	/usr/lib/libMatch.1.dylib
0x000000000132c000 	/System/Library/PrivateFrameworks/SafariServices.framework/Versions/A/SafariServices
0x000000000132c000 	/usr/lib/libspindump.dylib
0x000000000132c000 	/System/Library/Frameworks/QTKit.framework/Versions/A/QTKit
0x000000000132c000 	/System/Library/Frameworks/QuickLook.framework/Versions/A/QuickLook
0x000000000132c000 	/System/Library/PrivateFrameworks/CoreMediaAuthoring.framework/Versions/A/CoreMediaAuthoring
0x000000000132c000 	/System/Library/Frameworks/Quartz.framework/Versions/A/Frameworks/QuartzComposer.framework/Versions/A/QuartzComposer
0x000000000132c000 	/System/Library/Frameworks/Quartz.framework/Versions/A/Frameworks/PDFKit.framework/Versions/A/PDFKit
0x000000000132c000 	/System/Library/Frameworks/Quartz.framework/Versions/A/Frameworks/QuartzFilters.framework/Versions/A/QuartzFilters
0x000000000132c000 	/System/Library/Frameworks/Quartz.framework/Versions/A/Frameworks/ImageKit.framework/Versions/A/ImageKit
0x000000000132c000 	/System/Library/Frameworks/JavaScriptCore.framework/Versions/A/JavaScriptCore
0x000000000132c000 	/System/Library/PrivateFrameworks/AppleSystemInfo.framework/Versions/A/AppleSystemInfo
0x000000000132c000 	/System/Library/PrivateFrameworks/CorePDF.framework/Versions/A/CorePDF
0x000000000132c000 	/System/Library/PrivateFrameworks/DisplayServices.framework/Versions/A/DisplayServices
0x000000000132c000 	/System/Library/CoreServices/RawCamera.bundle/Contents/MacOS/RawCamera
0x000000000132c000 	/System/Library/Frameworks/Accelerate.framework/Versions/A/Frameworks/vImage.framework/Versions/A/Libraries/libCGInterfaces.dylib
0x000000000132c000 	/System/Library/Frameworks/ApplicationServices.framework/Versions/A/Frameworks/ATS.framework/Versions/A/Resources/libTrueTypeScaler.dylib

VM Arguments:
jvm_args: -Dfile.encoding=UTF-8 -Dclojure.compile.path=/Users/jairwuiloud/Desktop/WORK/GITAccounts/ThinkTopic/cn-metrics/metrics/target/classes -Dmetrics.version=0.1.0-SNAPSHOT -Dclojure.debug=false 
java_command: clojure.main -i /private/var/folders/sx/t75x0pp15bb5y1k78bj7thnr0000gn/T/form-init1789067270296637719.clj
java_class_path (initial): /Users/jairwuiloud/Desktop/WORK/GITAccounts/ThinkTopic/cn-metrics/metrics/test:/Users/jairwuiloud/Desktop/WORK/GITAccounts/ThinkTopic/cn-metrics/metrics/src:/Users/jairwuiloud/Desktop/WORK/GITAccounts/ThinkTopic/cn-metrics/metrics/dev-resources:/Users/jairwuiloud/Desktop/WORK/GITAccounts/ThinkTopic/cn-metrics/metrics/resources:/Users/jairwuiloud/Desktop/WORK/GITAccounts/ThinkTopic/cn-metrics/metrics/target/classes:/Users/jairwuiloud/.m2/repository/com/fasterxml/jackson/core/jackson-core/2.1.3/jackson-core-2.1.3.jar:/Users/jairwuiloud/.m2/repository/org/scilab/forge/jlatexmath/0.9.6/jlatexmath-0.9.6.jar:/Users/jairwuiloud/.m2/repository/org/tcrawley/dynapath/0.2.3/dynapath-0.2.3.jar:/Users/jairwuiloud/.m2/repository/tigris/tigris/0.1.1/tigris-0.1.1.jar:/Users/jairwuiloud/.m2/repository/net/sf/opencsv/opencsv/2.3/opencsv-2.3.jar:/Users/jairwuiloud/.m2/repository/org/apache/xmlbeans/xmlbeans/2.3.0/xmlbeans-2.3.0.jar:/Users/jairwuiloud/.m2/repository/net/sourceforge/f2j/arpack_combined_all/0.1/arpack_combined_all-0.1.jar:/Users/jairwuiloud/.m2/repository/xalan/xalan/2.6.0/xalan-2.6.0.jar:/Users/jairwuiloud/.m2/repository/com/lowagie/itext/2.1.7/itext-2.1.7.jar:/Users/jairwuiloud/.m2/repository/commons-codec/commons-codec/1.10/commons-codec-1.10.jar:/Users/jairwuiloud/.m2/repository/com/google/gdata/gdata-client-1.0/1.41.5/gdata-client-1.0-1.41.5.jar:/Users/jairwuiloud/.m2/repository/org/clojure/tools.macro/0.1.5/tools.macro-0.1.5.jar:/Users/jairwuiloud/.m2/repository/clj-http/clj-http/1.1.2/clj-http-1.1.2.jar:/Users/jairwuiloud/.m2/repository/clj-tuple/clj-tuple/0.2.1/clj-tuple-0.2.1.jar:/Users/jairwuiloud/.m2/repository/incanter/incanter-latex/1.5.6/incanter-latex-1.5.6.jar:/Users/jairwuiloud/.m2/repository/net/sourceforge/parallelcolt/parallelcolt/0.10.1/parallelcolt-0.10.1.jar:/Users/jairwuiloud/.m2/repository/com/github/rwl/JKLU/1.0.0/JKLU-1.0.0.jar:/Users/jairwuiloud/.m2/repository/org/clojure/data.csv/0.1.2/data.csv-0.1.2.jar:/Users/ja
Launcher Type: SUN_STANDARD

Environment Variables:
PATH=/usr/local/heroku/bin:/usr/local/bin:/usr/local/sbin:/usr/local/share/npm/bin::/Applications/Sublime\ Text.app/Contents/SharedSupport/bin:/usr/local/bin:/usr/bin:/bin:/usr/sbin:/sbin:/opt/X11/bin:/usr/local/MacGPG2/bin:/usr/texbin
SHELL=/bin/bash
DISPLAY=/private/tmp/com.apple.launchd.jxsnDkZB5r/org.macosforge.xquartz:0

Signal Handlers:
SIGSEGV: [libjvm.dylib+0x57a0e7], sa_mask[0]=11111111011111110111111111111111, sa_flags=SA_ONSTACK|SA_RESTART|SA_SIGINFO
SIGBUS: [libjvm.dylib+0x57a0e7], sa_mask[0]=11111111011111110111111111111111, sa_flags=SA_RESTART|SA_SIGINFO
SIGFPE: [libjvm.dylib+0x45af24], sa_mask[0]=11111111011111110111111111111111, sa_flags=SA_RESTART|SA_SIGINFO
SIGPIPE: [libjvm.dylib+0x45af24], sa_mask[0]=11111111011111110111111111111111, sa_flags=SA_RESTART|SA_SIGINFO
SIGXFSZ: [libjvm.dylib+0x45af24], sa_mask[0]=11111111011111110111111111111111, sa_flags=SA_RESTART|SA_SIGINFO
SIGILL: [libjvm.dylib+0x45af24], sa_mask[0]=11111111011111110111111111111111, sa_flags=SA_RESTART|SA_SIGINFO
SIGUSR1: SIG_DFL, sa_mask[0]=11011111011111100000000111000110, sa_flags=none
SIGUSR2: [libjvm.dylib+0x45aa42], sa_mask[0]=00100000000000000000000000000000, sa_flags=SA_RESTART|SA_SIGINFO
SIGHUP: [libjvm.dylib+0x459015], sa_mask[0]=11111111011111110111111111111111, sa_flags=SA_RESTART|SA_SIGINFO
SIGINT: [libjvm.dylib+0x459015], sa_mask[0]=11111111011111110111111111111111, sa_flags=SA_RESTART|SA_SIGINFO
SIGTERM: [libjvm.dylib+0x459015], sa_mask[0]=11111111011111110111111111111111, sa_flags=SA_RESTART|SA_SIGINFO
SIGQUIT: [libjvm.dylib+0x459015], sa_mask[0]=11111111011111110111111111111111, sa_flags=SA_RESTART|SA_SIGINFO


---------------  S Y S T E M  ---------------

OS:Bsduname:Darwin 14.3.0 Darwin Kernel Version 14.3.0: Mon Mar 23 11:59:05 PDT 2015; root:xnu-2782.20.48~5/RELEASE_X86_64 x86_64
rlimit: STACK 8192k, CORE 0k, NPROC 709, NOFILE 10240, AS infinity
load average:2.61 2.25 2.20

CPU:total 8 (4 cores per cpu, 2 threads per core) family 6 model 70 stepping 1, cmov, cx8, fxsr, mmx, sse, sse2, sse3, ssse3, sse4.1, sse4.2, popcnt, avx, avx2, aes, clmul, erms, rtm, lzcnt, ht, tsc, tscinvbit, bmi1, bmi2

Memory: 4k page, physical 16777216k(1312768k free)

/proc/meminfo:


vm_info: Java HotSpot(TM) 64-Bit Server VM (25.31-b07) for bsd-amd64 JRE (1.8.0_31-b13), built on Dec 17 2014 20:45:36 by "java_re" with gcc 4.2.1 (Based on Apple Inc. build 5658) (LLVM build 2336.11.00)

time: Fri Jul  3 12:47:00 2015
elapsed time: 61795 seconds (0d 17h 9m 55s)

