Figwheel: focusing on build-ids (app)
[0mCompiling "resources/public/js/app.js" from ["src/cljs" "env/dev/cljs"]...
[31mCompiling "resources/public/js/app.js" failed.[0m
java.io.FileNotFoundException: env/dev/cljs (No such file or directory)
 at java.io.FileInputStream.open (FileInputStream.java:-2)
    java.io.FileInputStream.<init> (FileInputStream.java:138)
    clojure.java.io/fn (io.clj:229)
    clojure.java.io$fn__9102$G__9095__9109.invoke (io.clj:69)
    clojure.java.io/fn (io.clj:165)
    clojure.java.io$fn__9115$G__9091__9122.invoke (io.clj:69)
    clojure.java.io$reader.doInvoke (io.clj:102)
    clojure.lang.RestFn.invoke (RestFn.java:410)
    cljs.closure$compile_file.invoke (closure.clj:376)
    cljs.closure$eval3467$fn__3468.invoke (closure.clj:426)
    cljs.closure$eval3420$fn__3421$G__3411__3428.invoke (closure.clj:331)
    cljs.closure$eval3480$fn__3481.invoke (closure.clj:439)
    cljs.closure$eval3420$fn__3421$G__3411__3428.invoke (closure.clj:331)
    clojurescript_build.core.CompilableSourcePaths/fn (core.clj:20)
    clojure.lang.PersistentVector.reduce (PersistentVector.java:333)
    clojure.core$reduce.invoke (core.clj:6518)
    clojurescript_build.core.CompilableSourcePaths._compile (core.clj:19)
    cljs.closure$build.invoke (closure.clj:1476)
    clojurescript_build.core$build_source_paths_STAR_.invoke (core.clj:160)
    figwheel_sidecar.auto_builder$default_build_options$fn__15937.invoke (auto_builder.clj:78)
    figwheel_sidecar.auto_builder$insert_figwheel_connect_script$fn__15983.invoke (auto_builder.clj:217)
    figwheel_sidecar.auto_builder$warning$fn__15934.invoke (auto_builder.clj:74)
    clojurescript_build.auto$time_build$fn__15730.invoke (auto.clj:55)
    clojurescript_build.auto$after$fn__15736.invoke (auto.clj:64)
    clojurescript_build.auto$after$fn__15736.invoke (auto.clj:64)
    clojurescript_build.auto$after$fn__15736.invoke (auto.clj:64)
    clojurescript_build.auto$error$fn__15739.invoke (auto.clj:71)
    clojurescript_build.auto$before$fn__15733.invoke (auto.clj:60)
    clojurescript_build.auto$make_conditional_builder$fn__15751.invoke (auto.clj:103)
    clojure.core$mapv$fn__6727.invoke (core.clj:6616)
[0mCompiling "resources/public/js/app.js" from ["src/cljs" "env/dev/cljs"]...
[31mCompiling "resources/public/js/app.js" failed.[0m
java.io.FileNotFoundException: env/dev/cljs (Too many open files in system)
 at java.io.FileInputStream.open (FileInputStream.java:-2)
    java.io.FileInputStream.<init> (FileInputStream.java:138)
    clojure.java.io/fn (io.clj:229)
    clojure.java.io$fn__9102$G__9095__9109.invoke (io.clj:69)
    clojure.java.io/fn (io.clj:165)
    clojure.java.io$fn__9115$G__9091__9122.invoke (io.clj:69)
    clojure.java.io$reader.doInvoke (io.clj:102)
    clojure.lang.RestFn.invoke (RestFn.java:410)
    cljs.closure$compile_file.invoke (closure.clj:376)
    cljs.closure$eval3467$fn__3468.invoke (closure.clj:426)
    cljs.closure$eval3420$fn__3421$G__3411__3428.invoke (closure.clj:331)
    cljs.closure$eval3480$fn__3481.invoke (closure.clj:439)
    cljs.closure$eval3420$fn__3421$G__3411__3428.invoke (closure.clj:331)
    clojurescript_build.core.CompilableSourcePaths/fn (core.clj:20)
    clojure.lang.PersistentVector.reduce (PersistentVector.java:333)
    clojure.core$reduce.invoke (core.clj:6518)
    clojurescript_build.core.CompilableSourcePaths._compile (core.clj:19)
    cljs.closure$build.invoke (closure.clj:1476)
    clojurescript_build.core$build_source_paths_STAR_.invoke (core.clj:160)
    figwheel_sidecar.auto_builder$default_build_options$fn__15937.invoke (auto_builder.clj:78)
    figwheel_sidecar.auto_builder$insert_figwheel_connect_script$fn__15983.invoke (auto_builder.clj:217)
    figwheel_sidecar.auto_builder$warning$fn__15934.invoke (auto_builder.clj:74)
    clojurescript_build.auto$time_build$fn__15730.invoke (auto.clj:55)
    clojurescript_build.auto$after$fn__15736.invoke (auto.clj:64)
    clojurescript_build.auto$after$fn__15736.invoke (auto.clj:64)
    clojurescript_build.auto$after$fn__15736.invoke (auto.clj:64)
    clojurescript_build.auto$error$fn__15739.invoke (auto.clj:71)
    clojurescript_build.auto$before$fn__15733.invoke (auto.clj:60)
    clojurescript_build.auto$make_conditional_builder$fn__15751.invoke (auto.clj:103)
    clojure.core$mapv$fn__6727.invoke (core.clj:6616)
[0mCompiling "resources/public/js/app.js" from ["src/cljs" "env/dev/cljs"]...
[31mCompiling "resources/public/js/app.js" failed.[0m
clojure.lang.ExceptionInfo: failed compiling file:src/cljs/style_tagger/core.cljs
 at clojure.core$ex_info.invoke (core.clj:4593)
    cljs.compiler$compile_file$fn__3059.invoke (compiler.cljc:1146)
    cljs.compiler$compile_file.invoke (compiler.cljc:1109)
    cljs.compiler$compile_root.invoke (compiler.cljc:1181)
    cljs.closure$compile_dir.invoke (closure.clj:385)
    cljs.closure$eval3467$fn__3468.invoke (closure.clj:425)
    cljs.closure$eval3420$fn__3421$G__3411__3428.invoke (closure.clj:331)
    cljs.closure$eval3480$fn__3481.invoke (closure.clj:439)
    cljs.closure$eval3420$fn__3421$G__3411__3428.invoke (closure.clj:331)
    clojurescript_build.core.CompilableSourcePaths/fn (core.clj:20)
    clojure.lang.PersistentVector.reduce (PersistentVector.java:333)
    clojure.core$reduce.invoke (core.clj:6518)
    clojurescript_build.core.CompilableSourcePaths._compile (core.clj:19)
    cljs.closure$build.invoke (closure.clj:1476)
    clojurescript_build.core$build_source_paths_STAR_.invoke (core.clj:160)
    figwheel_sidecar.auto_builder$default_build_options$fn__15937.invoke (auto_builder.clj:78)
    figwheel_sidecar.auto_builder$insert_figwheel_connect_script$fn__15983.invoke (auto_builder.clj:217)
    figwheel_sidecar.auto_builder$warning$fn__15934.invoke (auto_builder.clj:74)
    clojurescript_build.auto$time_build$fn__15730.invoke (auto.clj:55)
    clojurescript_build.auto$after$fn__15736.invoke (auto.clj:64)
    clojurescript_build.auto$after$fn__15736.invoke (auto.clj:64)
    clojurescript_build.auto$after$fn__15736.invoke (auto.clj:64)
    clojurescript_build.auto$error$fn__15739.invoke (auto.clj:71)
    clojurescript_build.auto$before$fn__15733.invoke (auto.clj:60)
    clojurescript_build.auto$make_conditional_builder$fn__15751.invoke (auto.clj:103)
    clojure.core$mapv$fn__6727.invoke (core.clj:6616)
    clojure.lang.PersistentVector.reduce (PersistentVector.java:333)
    clojure.core$reduce.invoke (core.clj:6518)
    clojure.core$mapv.invoke (core.clj:6616)
    clojurescript_build.auto$autobuild_STAR_$fn__15837$state_machine__9200__auto____15838$fn__15843.invoke (auto.clj:186)
[0mCompiling "resources/public/js/app.js" from ["src/cljs" "env/dev/cljs"]...
[31mCompiling "resources/public/js/app.js" failed.[0m
java.io.FileNotFoundException: env/dev/cljs (Too many open files in system)
 at java.io.FileInputStream.open (FileInputStream.java:-2)
    java.io.FileInputStream.<init> (FileInputStream.java:138)
    clojure.java.io/fn (io.clj:229)
    clojure.java.io$fn__9102$G__9095__9109.invoke (io.clj:69)
    clojure.java.io/fn (io.clj:165)
    clojure.java.io$fn__9115$G__9091__9122.invoke (io.clj:69)
    clojure.java.io$reader.doInvoke (io.clj:102)
    clojure.lang.RestFn.invoke (RestFn.java:410)
    cljs.closure$compile_file.invoke (closure.clj:376)
    cljs.closure$eval3467$fn__3468.invoke (closure.clj:426)
    cljs.closure$eval3420$fn__3421$G__3411__3428.invoke (closure.clj:331)
    cljs.closure$eval3480$fn__3481.invoke (closure.clj:439)
    cljs.closure$eval3420$fn__3421$G__3411__3428.invoke (closure.clj:331)
    clojurescript_build.core.CompilableSourcePaths/fn (core.clj:20)
    clojure.lang.PersistentVector.reduce (PersistentVector.java:333)
    clojure.core$reduce.invoke (core.clj:6518)
    clojurescript_build.core.CompilableSourcePaths._compile (core.clj:19)
    cljs.closure$build.invoke (closure.clj:1476)
    clojurescript_build.core$build_source_paths_STAR_.invoke (core.clj:160)
    figwheel_sidecar.auto_builder$default_build_options$fn__15937.invoke (auto_builder.clj:78)
    figwheel_sidecar.auto_builder$insert_figwheel_connect_script$fn__15983.invoke (auto_builder.clj:217)
    figwheel_sidecar.auto_builder$warning$fn__15934.invoke (auto_builder.clj:74)
    clojurescript_build.auto$time_build$fn__15730.invoke (auto.clj:55)
    clojurescript_build.auto$after$fn__15736.invoke (auto.clj:64)
    clojurescript_build.auto$after$fn__15736.invoke (auto.clj:64)
    clojurescript_build.auto$after$fn__15736.invoke (auto.clj:64)
    clojurescript_build.auto$error$fn__15739.invoke (auto.clj:71)
    clojurescript_build.auto$before$fn__15733.invoke (auto.clj:60)
    clojurescript_build.auto$make_conditional_builder$fn__15751.invoke (auto.clj:103)
    clojure.core$mapv$fn__6727.invoke (core.clj:6616)
[0mCompiling "resources/public/js/app.js" from ["src/cljs" "env/dev/cljs"]...
[31mCompiling "resources/public/js/app.js" failed.[0m
java.io.FileNotFoundException: env/dev/cljs (No such file or directory)
 at java.io.FileInputStream.open (FileInputStream.java:-2)
    java.io.FileInputStream.<init> (FileInputStream.java:138)
    clojure.java.io/fn (io.clj:229)
    clojure.java.io$fn__9102$G__9095__9109.invoke (io.clj:69)
    clojure.java.io/fn (io.clj:165)
    clojure.java.io$fn__9115$G__9091__9122.invoke (io.clj:69)
    clojure.java.io$reader.doInvoke (io.clj:102)
    clojure.lang.RestFn.invoke (RestFn.java:410)
    cljs.closure$compile_file.invoke (closure.clj:376)
    cljs.closure$eval3467$fn__3468.invoke (closure.clj:426)
    cljs.closure$eval3420$fn__3421$G__3411__3428.invoke (closure.clj:331)
    cljs.closure$eval3480$fn__3481.invoke (closure.clj:439)
    cljs.closure$eval3420$fn__3421$G__3411__3428.invoke (closure.clj:331)
    clojurescript_build.core.CompilableSourcePaths/fn (core.clj:20)
    clojure.lang.PersistentVector.reduce (PersistentVector.java:333)
    clojure.core$reduce.invoke (core.clj:6518)
    clojurescript_build.core.CompilableSourcePaths._compile (core.clj:19)
    cljs.closure$build.invoke (closure.clj:1476)
    clojurescript_build.core$build_source_paths_STAR_.invoke (core.clj:160)
    figwheel_sidecar.auto_builder$default_build_options$fn__15937.invoke (auto_builder.clj:78)
    figwheel_sidecar.auto_builder$insert_figwheel_connect_script$fn__15983.invoke (auto_builder.clj:217)
    figwheel_sidecar.auto_builder$warning$fn__15934.invoke (auto_builder.clj:74)
    clojurescript_build.auto$time_build$fn__15730.invoke (auto.clj:55)
    clojurescript_build.auto$after$fn__15736.invoke (auto.clj:64)
    clojurescript_build.auto$after$fn__15736.invoke (auto.clj:64)
    clojurescript_build.auto$after$fn__15736.invoke (auto.clj:64)
    clojurescript_build.auto$error$fn__15739.invoke (auto.clj:71)
    clojurescript_build.auto$before$fn__15733.invoke (auto.clj:60)
    clojurescript_build.auto$make_conditional_builder$fn__15751.invoke (auto.clj:103)
    clojure.core$mapv$fn__6727.invoke (core.clj:6616)
[0mCompiling "resources/public/js/app.js" from ["src/cljs" "env/dev/cljs"]...
[31mCompiling "resources/public/js/app.js" failed.[0m
java.io.FileNotFoundException: env/dev/cljs (Too many open files in system)
 at java.io.FileInputStream.open (FileInputStream.java:-2)
    java.io.FileInputStream.<init> (FileInputStream.java:138)
    clojure.java.io/fn (io.clj:229)
    clojure.java.io$fn__9102$G__9095__9109.invoke (io.clj:69)
    clojure.java.io/fn (io.clj:165)
    clojure.java.io$fn__9115$G__9091__9122.invoke (io.clj:69)
    clojure.java.io$reader.doInvoke (io.clj:102)
    clojure.lang.RestFn.invoke (RestFn.java:410)
    cljs.closure$compile_file.invoke (closure.clj:376)
    cljs.closure$eval3467$fn__3468.invoke (closure.clj:426)
    cljs.closure$eval3420$fn__3421$G__3411__3428.invoke (closure.clj:331)
    cljs.closure$eval3480$fn__3481.invoke (closure.clj:439)
    cljs.closure$eval3420$fn__3421$G__3411__3428.invoke (closure.clj:331)
    clojurescript_build.core.CompilableSourcePaths/fn (core.clj:20)
    clojure.lang.PersistentVector.reduce (PersistentVector.java:333)
    clojure.core$reduce.invoke (core.clj:6518)
    clojurescript_build.core.CompilableSourcePaths._compile (core.clj:19)
    cljs.closure$build.invoke (closure.clj:1476)
    clojurescript_build.core$build_source_paths_STAR_.invoke (core.clj:160)
    figwheel_sidecar.auto_builder$default_build_options$fn__15937.invoke (auto_builder.clj:78)
    figwheel_sidecar.auto_builder$insert_figwheel_connect_script$fn__15983.invoke (auto_builder.clj:217)
    figwheel_sidecar.auto_builder$warning$fn__15934.invoke (auto_builder.clj:74)
    clojurescript_build.auto$time_build$fn__15730.invoke (auto.clj:55)
    clojurescript_build.auto$after$fn__15736.invoke (auto.clj:64)
    clojurescript_build.auto$after$fn__15736.invoke (auto.clj:64)
    clojurescript_build.auto$after$fn__15736.invoke (auto.clj:64)
    clojurescript_build.auto$error$fn__15739.invoke (auto.clj:71)
    clojurescript_build.auto$before$fn__15733.invoke (auto.clj:60)
    clojurescript_build.auto$make_conditional_builder$fn__15751.invoke (auto.clj:103)
    clojure.core$mapv$fn__6727.invoke (core.clj:6616)
[0mCompiling "resources/public/js/app.js" from ["src/cljs" "env/dev/cljs"]...
[31mCompiling "resources/public/js/app.js" failed.[0m
java.io.FileNotFoundException: env/dev/cljs (No such file or directory)
 at java.io.FileInputStream.open (FileInputStream.java:-2)
    java.io.FileInputStream.<init> (FileInputStream.java:138)
    clojure.java.io/fn (io.clj:229)
    clojure.java.io$fn__9102$G__9095__9109.invoke (io.clj:69)
    clojure.java.io/fn (io.clj:165)
    clojure.java.io$fn__9115$G__9091__9122.invoke (io.clj:69)
    clojure.java.io$reader.doInvoke (io.clj:102)
    clojure.lang.RestFn.invoke (RestFn.java:410)
    cljs.closure$compile_file.invoke (closure.clj:376)
    cljs.closure$eval3467$fn__3468.invoke (closure.clj:426)
    cljs.closure$eval3420$fn__3421$G__3411__3428.invoke (closure.clj:331)
    cljs.closure$eval3480$fn__3481.invoke (closure.clj:439)
    cljs.closure$eval3420$fn__3421$G__3411__3428.invoke (closure.clj:331)
    clojurescript_build.core.CompilableSourcePaths/fn (core.clj:20)
    clojure.lang.PersistentVector.reduce (PersistentVector.java:333)
    clojure.core$reduce.invoke (core.clj:6518)
    clojurescript_build.core.CompilableSourcePaths._compile (core.clj:19)
    cljs.closure$build.invoke (closure.clj:1476)
    clojurescript_build.core$build_source_paths_STAR_.invoke (core.clj:160)
    figwheel_sidecar.auto_builder$default_build_options$fn__15937.invoke (auto_builder.clj:78)
    figwheel_sidecar.auto_builder$insert_figwheel_connect_script$fn__15983.invoke (auto_builder.clj:217)
    figwheel_sidecar.auto_builder$warning$fn__15934.invoke (auto_builder.clj:74)
    clojurescript_build.auto$time_build$fn__15730.invoke (auto.clj:55)
    clojurescript_build.auto$after$fn__15736.invoke (auto.clj:64)
    clojurescript_build.auto$after$fn__15736.invoke (auto.clj:64)
    clojurescript_build.auto$after$fn__15736.invoke (auto.clj:64)
    clojurescript_build.auto$error$fn__15739.invoke (auto.clj:71)
    clojurescript_build.auto$before$fn__15733.invoke (auto.clj:60)
    clojurescript_build.auto$make_conditional_builder$fn__15751.invoke (auto.clj:103)
    clojure.core$mapv$fn__6727.invoke (core.clj:6616)
[0mCompiling "resources/public/js/app.js" from ["src/cljs" "env/dev/cljs"]...
[31mCompiling "resources/public/js/app.js" failed.[0m
java.io.FileNotFoundException: env/dev/cljs (Too many open files in system)
 at java.io.FileInputStream.open (FileInputStream.java:-2)
    java.io.FileInputStream.<init> (FileInputStream.java:138)
    clojure.java.io/fn (io.clj:229)
    clojure.java.io$fn__9102$G__9095__9109.invoke (io.clj:69)
    clojure.java.io/fn (io.clj:165)
    clojure.java.io$fn__9115$G__9091__9122.invoke (io.clj:69)
    clojure.java.io$reader.doInvoke (io.clj:102)
    clojure.lang.RestFn.invoke (RestFn.java:410)
    cljs.closure$compile_file.invoke (closure.clj:376)
    cljs.closure$eval3467$fn__3468.invoke (closure.clj:426)
    cljs.closure$eval3420$fn__3421$G__3411__3428.invoke (closure.clj:331)
    cljs.closure$eval3480$fn__3481.invoke (closure.clj:439)
    cljs.closure$eval3420$fn__3421$G__3411__3428.invoke (closure.clj:331)
    clojurescript_build.core.CompilableSourcePaths/fn (core.clj:20)
    clojure.lang.PersistentVector.reduce (PersistentVector.java:333)
    clojure.core$reduce.invoke (core.clj:6518)
    clojurescript_build.core.CompilableSourcePaths._compile (core.clj:19)
    cljs.closure$build.invoke (closure.clj:1476)
    clojurescript_build.core$build_source_paths_STAR_.invoke (core.clj:160)
    figwheel_sidecar.auto_builder$default_build_options$fn__15937.invoke (auto_builder.clj:78)
    figwheel_sidecar.auto_builder$insert_figwheel_connect_script$fn__15983.invoke (auto_builder.clj:217)
    figwheel_sidecar.auto_builder$warning$fn__15934.invoke (auto_builder.clj:74)
    clojurescript_build.auto$time_build$fn__15730.invoke (auto.clj:55)
    clojurescript_build.auto$after$fn__15736.invoke (auto.clj:64)
    clojurescript_build.auto$after$fn__15736.invoke (auto.clj:64)
    clojurescript_build.auto$after$fn__15736.invoke (auto.clj:64)
    clojurescript_build.auto$error$fn__15739.invoke (auto.clj:71)
    clojurescript_build.auto$before$fn__15733.invoke (auto.clj:60)
    clojurescript_build.auto$make_conditional_builder$fn__15751.invoke (auto.clj:103)
    clojure.core$mapv$fn__6727.invoke (core.clj:6616)
[0mCompiling "resources/public/js/app.js" from ["src/cljs" "env/dev/cljs"]...
[31mCompiling "resources/public/js/app.js" failed.[0m
java.io.FileNotFoundException: env/dev/cljs (No such file or directory)
 at java.io.FileInputStream.open (FileInputStream.java:-2)
    java.io.FileInputStream.<init> (FileInputStream.java:138)
    clojure.java.io/fn (io.clj:229)
    clojure.java.io$fn__9102$G__9095__9109.invoke (io.clj:69)
    clojure.java.io/fn (io.clj:165)
    clojure.java.io$fn__9115$G__9091__9122.invoke (io.clj:69)
    clojure.java.io$reader.doInvoke (io.clj:102)
    clojure.lang.RestFn.invoke (RestFn.java:410)
    cljs.closure$compile_file.invoke (closure.clj:376)
    cljs.closure$eval3467$fn__3468.invoke (closure.clj:426)
    cljs.closure$eval3420$fn__3421$G__3411__3428.invoke (closure.clj:331)
    cljs.closure$eval3480$fn__3481.invoke (closure.clj:439)
    cljs.closure$eval3420$fn__3421$G__3411__3428.invoke (closure.clj:331)
    clojurescript_build.core.CompilableSourcePaths/fn (core.clj:20)
    clojure.lang.PersistentVector.reduce (PersistentVector.java:333)
    clojure.core$reduce.invoke (core.clj:6518)
    clojurescript_build.core.CompilableSourcePaths._compile (core.clj:19)
    cljs.closure$build.invoke (closure.clj:1476)
    clojurescript_build.core$build_source_paths_STAR_.invoke (core.clj:160)
    figwheel_sidecar.auto_builder$default_build_options$fn__15937.invoke (auto_builder.clj:78)
    figwheel_sidecar.auto_builder$insert_figwheel_connect_script$fn__15983.invoke (auto_builder.clj:217)
    figwheel_sidecar.auto_builder$warning$fn__15934.invoke (auto_builder.clj:74)
    clojurescript_build.auto$time_build$fn__15730.invoke (auto.clj:55)
    clojurescript_build.auto$after$fn__15736.invoke (auto.clj:64)
    clojurescript_build.auto$after$fn__15736.invoke (auto.clj:64)
    clojurescript_build.auto$after$fn__15736.invoke (auto.clj:64)
    clojurescript_build.auto$error$fn__15739.invoke (auto.clj:71)
    clojurescript_build.auto$before$fn__15733.invoke (auto.clj:60)
    clojurescript_build.auto$make_conditional_builder$fn__15751.invoke (auto.clj:103)
    clojure.core$mapv$fn__6727.invoke (core.clj:6616)
[0mCompiling "resources/public/js/app.js" from ["src/cljs" "env/dev/cljs"]...
[31mCompiling "resources/public/js/app.js" failed.[0m
java.io.FileNotFoundException: env/dev/cljs (Too many open files in system)
 at java.io.FileInputStream.open (FileInputStream.java:-2)
    java.io.FileInputStream.<init> (FileInputStream.java:138)
    clojure.java.io/fn (io.clj:229)
    clojure.java.io$fn__9102$G__9095__9109.invoke (io.clj:69)
    clojure.java.io/fn (io.clj:165)
    clojure.java.io$fn__9115$G__9091__9122.invoke (io.clj:69)
    clojure.java.io$reader.doInvoke (io.clj:102)
    clojure.lang.RestFn.invoke (RestFn.java:410)
    cljs.closure$compile_file.invoke (closure.clj:376)
    cljs.closure$eval3467$fn__3468.invoke (closure.clj:426)
    cljs.closure$eval3420$fn__3421$G__3411__3428.invoke (closure.clj:331)
    cljs.closure$eval3480$fn__3481.invoke (closure.clj:439)
    cljs.closure$eval3420$fn__3421$G__3411__3428.invoke (closure.clj:331)
    clojurescript_build.core.CompilableSourcePaths/fn (core.clj:20)
    clojure.lang.PersistentVector.reduce (PersistentVector.java:333)
    clojure.core$reduce.invoke (core.clj:6518)
    clojurescript_build.core.CompilableSourcePaths._compile (core.clj:19)
    cljs.closure$build.invoke (closure.clj:1476)
    clojurescript_build.core$build_source_paths_STAR_.invoke (core.clj:160)
    figwheel_sidecar.auto_builder$default_build_options$fn__15937.invoke (auto_builder.clj:78)
    figwheel_sidecar.auto_builder$insert_figwheel_connect_script$fn__15983.invoke (auto_builder.clj:217)
    figwheel_sidecar.auto_builder$warning$fn__15934.invoke (auto_builder.clj:74)
    clojurescript_build.auto$time_build$fn__15730.invoke (auto.clj:55)
    clojurescript_build.auto$after$fn__15736.invoke (auto.clj:64)
    clojurescript_build.auto$after$fn__15736.invoke (auto.clj:64)
    clojurescript_build.auto$after$fn__15736.invoke (auto.clj:64)
    clojurescript_build.auto$error$fn__15739.invoke (auto.clj:71)
    clojurescript_build.auto$before$fn__15733.invoke (auto.clj:60)
    clojurescript_build.auto$make_conditional_builder$fn__15751.invoke (auto.clj:103)
    clojure.core$mapv$fn__6727.invoke (core.clj:6616)
[0mCompiling "resources/public/js/app.js" from ["src/cljs" "env/dev/cljs"]...
[31mCompiling "resources/public/js/app.js" failed.[0m
java.io.FileNotFoundException: env/dev/cljs (No such file or directory)
 at java.io.FileInputStream.open (FileInputStream.java:-2)
    java.io.FileInputStream.<init> (FileInputStream.java:138)
    clojure.java.io/fn (io.clj:229)
    clojure.java.io$fn__9102$G__9095__9109.invoke (io.clj:69)
    clojure.java.io/fn (io.clj:165)
    clojure.java.io$fn__9115$G__9091__9122.invoke (io.clj:69)
    clojure.java.io$reader.doInvoke (io.clj:102)
    clojure.lang.RestFn.invoke (RestFn.java:410)
    cljs.closure$compile_file.invoke (closure.clj:376)
    cljs.closure$eval3467$fn__3468.invoke (closure.clj:426)
    cljs.closure$eval3420$fn__3421$G__3411__3428.invoke (closure.clj:331)
    cljs.closure$eval3480$fn__3481.invoke (closure.clj:439)
    cljs.closure$eval3420$fn__3421$G__3411__3428.invoke (closure.clj:331)
    clojurescript_build.core.CompilableSourcePaths/fn (core.clj:20)
    clojure.lang.PersistentVector.reduce (PersistentVector.java:333)
    clojure.core$reduce.invoke (core.clj:6518)
    clojurescript_build.core.CompilableSourcePaths._compile (core.clj:19)
    cljs.closure$build.invoke (closure.clj:1476)
    clojurescript_build.core$build_source_paths_STAR_.invoke (core.clj:160)
    figwheel_sidecar.auto_builder$default_build_options$fn__15937.invoke (auto_builder.clj:78)
    figwheel_sidecar.auto_builder$insert_figwheel_connect_script$fn__15983.invoke (auto_builder.clj:217)
    figwheel_sidecar.auto_builder$warning$fn__15934.invoke (auto_builder.clj:74)
    clojurescript_build.auto$time_build$fn__15730.invoke (auto.clj:55)
    clojurescript_build.auto$after$fn__15736.invoke (auto.clj:64)
    clojurescript_build.auto$after$fn__15736.invoke (auto.clj:64)
    clojurescript_build.auto$after$fn__15736.invoke (auto.clj:64)
    clojurescript_build.auto$error$fn__15739.invoke (auto.clj:71)
    clojurescript_build.auto$before$fn__15733.invoke (auto.clj:60)
    clojurescript_build.auto$make_conditional_builder$fn__15751.invoke (auto.clj:103)
    clojure.core$mapv$fn__6727.invoke (core.clj:6616)
[0mCompiling "resources/public/js/app.js" from ["src/cljs" "env/dev/cljs"]...
[31mCompiling "resources/public/js/app.js" failed.[0m
java.io.FileNotFoundException: env/dev/cljs (Too many open files in system)
 at java.io.FileInputStream.open (FileInputStream.java:-2)
    java.io.FileInputStream.<init> (FileInputStream.java:138)
    clojure.java.io/fn (io.clj:229)
    clojure.java.io$fn__9102$G__9095__9109.invoke (io.clj:69)
    clojure.java.io/fn (io.clj:165)
    clojure.java.io$fn__9115$G__9091__9122.invoke (io.clj:69)
    clojure.java.io$reader.doInvoke (io.clj:102)
    clojure.lang.RestFn.invoke (RestFn.java:410)
    cljs.closure$compile_file.invoke (closure.clj:376)
    cljs.closure$eval3467$fn__3468.invoke (closure.clj:426)
    cljs.closure$eval3420$fn__3421$G__3411__3428.invoke (closure.clj:331)
    cljs.closure$eval3480$fn__3481.invoke (closure.clj:439)
    cljs.closure$eval3420$fn__3421$G__3411__3428.invoke (closure.clj:331)
    clojurescript_build.core.CompilableSourcePaths/fn (core.clj:20)
    clojure.lang.PersistentVector.reduce (PersistentVector.java:333)
    clojure.core$reduce.invoke (core.clj:6518)
    clojurescript_build.core.CompilableSourcePaths._compile (core.clj:19)
    cljs.closure$build.invoke (closure.clj:1476)
    clojurescript_build.core$build_source_paths_STAR_.invoke (core.clj:160)
    figwheel_sidecar.auto_builder$default_build_options$fn__15937.invoke (auto_builder.clj:78)
    figwheel_sidecar.auto_builder$insert_figwheel_connect_script$fn__15983.invoke (auto_builder.clj:217)
    figwheel_sidecar.auto_builder$warning$fn__15934.invoke (auto_builder.clj:74)
    clojurescript_build.auto$time_build$fn__15730.invoke (auto.clj:55)
    clojurescript_build.auto$after$fn__15736.invoke (auto.clj:64)
    clojurescript_build.auto$after$fn__15736.invoke (auto.clj:64)
    clojurescript_build.auto$after$fn__15736.invoke (auto.clj:64)
    clojurescript_build.auto$error$fn__15739.invoke (auto.clj:71)
    clojurescript_build.auto$before$fn__15733.invoke (auto.clj:60)
    clojurescript_build.auto$make_conditional_builder$fn__15751.invoke (auto.clj:103)
    clojure.core$mapv$fn__6727.invoke (core.clj:6616)
[0mCompiling "resources/public/js/app.js" from ["src/cljs" "env/dev/cljs"]...
[31mCompiling "resources/public/js/app.js" failed.[0m
java.io.FileNotFoundException: env/dev/cljs (No such file or directory)
 at java.io.FileInputStream.open (FileInputStream.java:-2)
    java.io.FileInputStream.<init> (FileInputStream.java:138)
    clojure.java.io/fn (io.clj:229)
    clojure.java.io$fn__9102$G__9095__9109.invoke (io.clj:69)
    clojure.java.io/fn (io.clj:165)
    clojure.java.io$fn__9115$G__9091__9122.invoke (io.clj:69)
    clojure.java.io$reader.doInvoke (io.clj:102)
    clojure.lang.RestFn.invoke (RestFn.java:410)
    cljs.closure$compile_file.invoke (closure.clj:376)
    cljs.closure$eval3467$fn__3468.invoke (closure.clj:426)
    cljs.closure$eval3420$fn__3421$G__3411__3428.invoke (closure.clj:331)
    cljs.closure$eval3480$fn__3481.invoke (closure.clj:439)
    cljs.closure$eval3420$fn__3421$G__3411__3428.invoke (closure.clj:331)
    clojurescript_build.core.CompilableSourcePaths/fn (core.clj:20)
    clojure.lang.PersistentVector.reduce (PersistentVector.java:333)
    clojure.core$reduce.invoke (core.clj:6518)
    clojurescript_build.core.CompilableSourcePaths._compile (core.clj:19)
    cljs.closure$build.invoke (closure.clj:1476)
    clojurescript_build.core$build_source_paths_STAR_.invoke (core.clj:160)
    figwheel_sidecar.auto_builder$default_build_options$fn__15937.invoke (auto_builder.clj:78)
    figwheel_sidecar.auto_builder$insert_figwheel_connect_script$fn__15983.invoke (auto_builder.clj:217)
    figwheel_sidecar.auto_builder$warning$fn__15934.invoke (auto_builder.clj:74)
    clojurescript_build.auto$time_build$fn__15730.invoke (auto.clj:55)
    clojurescript_build.auto$after$fn__15736.invoke (auto.clj:64)
    clojurescript_build.auto$after$fn__15736.invoke (auto.clj:64)
    clojurescript_build.auto$after$fn__15736.invoke (auto.clj:64)
    clojurescript_build.auto$error$fn__15739.invoke (auto.clj:71)
    clojurescript_build.auto$before$fn__15733.invoke (auto.clj:60)
    clojurescript_build.auto$make_conditional_builder$fn__15751.invoke (auto.clj:103)
    clojure.core$mapv$fn__6727.invoke (core.clj:6616)
Figwheel: focusing on build-ids (app)
[0mCompiling "resources/public/js/app.js" from ["src/cljs" "env/dev/cljs"]...
[31mCompiling "resources/public/js/app.js" failed.[0m
java.io.FileNotFoundException: env/dev/cljs (No such file or directory)
 at java.io.FileInputStream.open (FileInputStream.java:-2)
    java.io.FileInputStream.<init> (FileInputStream.java:138)
    clojure.java.io/fn (io.clj:229)
    clojure.java.io$fn__9102$G__9095__9109.invoke (io.clj:69)
    clojure.java.io/fn (io.clj:165)
    clojure.java.io$fn__9115$G__9091__9122.invoke (io.clj:69)
    clojure.java.io$reader.doInvoke (io.clj:102)
    clojure.lang.RestFn.invoke (RestFn.java:410)
    cljs.closure$compile_file.invoke (closure.clj:376)
    cljs.closure$eval3467$fn__3468.invoke (closure.clj:426)
    cljs.closure$eval3420$fn__3421$G__3411__3428.invoke (closure.clj:331)
    cljs.closure$eval3480$fn__3481.invoke (closure.clj:439)
    cljs.closure$eval3420$fn__3421$G__3411__3428.invoke (closure.clj:331)
    clojurescript_build.core.CompilableSourcePaths/fn (core.clj:20)
    clojure.lang.PersistentVector.reduce (PersistentVector.java:333)
    clojure.core$reduce.invoke (core.clj:6518)
    clojurescript_build.core.CompilableSourcePaths._compile (core.clj:19)
    cljs.closure$build.invoke (closure.clj:1476)
    clojurescript_build.core$build_source_paths_STAR_.invoke (core.clj:160)
    figwheel_sidecar.auto_builder$default_build_options$fn__15937.invoke (auto_builder.clj:78)
    figwheel_sidecar.auto_builder$insert_figwheel_connect_script$fn__15983.invoke (auto_builder.clj:217)
    figwheel_sidecar.auto_builder$warning$fn__15934.invoke (auto_builder.clj:74)
    clojurescript_build.auto$time_build$fn__15730.invoke (auto.clj:55)
    clojurescript_build.auto$after$fn__15736.invoke (auto.clj:64)
    clojurescript_build.auto$after$fn__15736.invoke (auto.clj:64)
    clojurescript_build.auto$after$fn__15736.invoke (auto.clj:64)
    clojurescript_build.auto$error$fn__15739.invoke (auto.clj:71)
    clojurescript_build.auto$before$fn__15733.invoke (auto.clj:60)
    clojurescript_build.auto$make_conditional_builder$fn__15751.invoke (auto.clj:103)
    clojure.core$mapv$fn__6727.invoke (core.clj:6616)
Figwheel: focusing on build-ids (app)
[0mCompiling "resources/public/js/app.js" from ["src/cljs" "env/dev/cljs"]...
[31mCompiling "resources/public/js/app.js" failed.[0m
java.io.FileNotFoundException: env/dev/cljs (No such file or directory)
 at java.io.FileInputStream.open (FileInputStream.java:-2)
    java.io.FileInputStream.<init> (FileInputStream.java:138)
    clojure.java.io/fn (io.clj:229)
    clojure.java.io$fn__9102$G__9095__9109.invoke (io.clj:69)
    clojure.java.io/fn (io.clj:165)
    clojure.java.io$fn__9115$G__9091__9122.invoke (io.clj:69)
    clojure.java.io$reader.doInvoke (io.clj:102)
    clojure.lang.RestFn.invoke (RestFn.java:410)
    cljs.closure$compile_file.invoke (closure.clj:376)
    cljs.closure$eval3467$fn__3468.invoke (closure.clj:426)
    cljs.closure$eval3420$fn__3421$G__3411__3428.invoke (closure.clj:331)
    cljs.closure$eval3480$fn__3481.invoke (closure.clj:439)
    cljs.closure$eval3420$fn__3421$G__3411__3428.invoke (closure.clj:331)
    clojurescript_build.core.CompilableSourcePaths/fn (core.clj:20)
    clojure.lang.PersistentVector.reduce (PersistentVector.java:333)
    clojure.core$reduce.invoke (core.clj:6518)
    clojurescript_build.core.CompilableSourcePaths._compile (core.clj:19)
    cljs.closure$build.invoke (closure.clj:1476)
    clojurescript_build.core$build_source_paths_STAR_.invoke (core.clj:160)
    figwheel_sidecar.auto_builder$default_build_options$fn__15937.invoke (auto_builder.clj:78)
    figwheel_sidecar.auto_builder$insert_figwheel_connect_script$fn__15983.invoke (auto_builder.clj:217)
    figwheel_sidecar.auto_builder$warning$fn__15934.invoke (auto_builder.clj:74)
    clojurescript_build.auto$time_build$fn__15730.invoke (auto.clj:55)
    clojurescript_build.auto$after$fn__15736.invoke (auto.clj:64)
    clojurescript_build.auto$after$fn__15736.invoke (auto.clj:64)
    clojurescript_build.auto$after$fn__15736.invoke (auto.clj:64)
    clojurescript_build.auto$error$fn__15739.invoke (auto.clj:71)
    clojurescript_build.auto$before$fn__15733.invoke (auto.clj:60)
    clojurescript_build.auto$make_conditional_builder$fn__15751.invoke (auto.clj:103)
    clojure.core$mapv$fn__6727.invoke (core.clj:6616)
