#
# A fatal error has been detected by the Java Runtime Environment:
#
#  SIGSEGV (0xb) at pc=0x00007fff8e1d8b70, pid=6887, tid=28187
#
# JRE version: Java(TM) SE Runtime Environment (8.0_31-b13) (build 1.8.0_31-b13)
# Java VM: Java HotSpot(TM) 64-Bit Server VM (25.31-b07 mixed mode bsd-amd64 compressed oops)
# Problematic frame:
# C  [libobjc.A.dylib+0x9b70]  weak_register_no_lock+0x3d
#
# Failed to write core dump. Core dumps have been disabled. To enable core dumping, try "ulimit -c unlimited" before starting Java again
#
# If you would like to submit a bug report, please visit:
#   http://bugreport.java.com/bugreport/crash.jsp
# The crash happened outside the Java Virtual Machine in native code.
# See problematic frame for where to report the bug.
#

---------------  T H R E A D  ---------------

Current thread (0x00007fcc49d86800):  JavaThread "Java2D Queue Flusher" daemon [_thread_in_native, id=28187, stack(0x0000000136ad1000,0x0000000136bd1000)]

siginfo: si_signo: 11 (SIGSEGV), si_code: 0 (unknown), si_addr: 0x0000000000000000

Registers:
RAX=0x0000000000000000, RBX=0x00077fcc46263730, RCX=0x0000000000006e1b, RDX=0x00007fcc4b870658
RSP=0x0000000136bd0660, RBP=0x0000000136bd06c0, RSI=0x00077fcc46263730, RDI=0x00007fff731472a8
R8 =0x000000000000002e, R9 =0xffffffffffffffff, R10=0x00007fcc4bf693e0, R11=0x00007fff71a9db78
R12=0x00007fff71c69070, R13=0x00007fff73145e80, R14=0x00007fff731472a8, R15=0x00007fcc4b870658
RIP=0x00007fff8e1d8b70, EFLAGS=0x0000000000010246, ERR=0x0000000000000000
  TRAPNO=0x000000000000000d

Top of Stack: (sp=0x0000000136bd0660)
0x0000000136bd0660:   00007fcc4b91b340 0000000136bd06b0
0x0000000136bd0670:   0100000100000000 00007fcc4b827630
0x0000000136bd0680:   00007fcc49942038 00000006c34bed38
0x0000000136bd0690:   94005d75936db062 00007fff73145e80
0x0000000136bd06a0:   0000000000000000 00007fff73145e80
0x0000000136bd06b0:   00007fcc4b870658 00007fff73147280
0x0000000136bd06c0:   0000000136bd0720 00007fff8e1d8ac7
0x0000000136bd06d0:   0000000000000000 00077fcc46263730
0x0000000136bd06e0:   0000000000001400 00007fcc4b870658
0x0000000136bd06f0:   0000000136bd0720 0000000000000000
0x0000000136bd0700:   00007fff8e1d00c0 00000006c34bed38
0x0000000136bd0710:   00077fcc46263730 00007fcc4b870650
0x0000000136bd0720:   0000000136bd0750 00007fff8fb9bc54
0x0000000136bd0730:   00007fcc46265710 00007fcc49942038
0x0000000136bd0740:   00007fcc49d869e8 00007fcc49942040
0x0000000136bd0750:   0000000136bd0780 0000000130247b78
0x0000000136bd0760:   00007fcc49d869e8 00007fcc49d869e8
0x0000000136bd0770:   00007fcc46229b90 00007fff84257873
0x0000000136bd0780:   0000000136bd07b0 0000000130248513
0x0000000136bd0790:   00007fcc46266440 0000000000000000
0x0000000136bd07a0:   00007fcc49935e10 00007fcc49d86800
0x0000000136bd07b0:   0000000136bd0830 00000001302685ae
0x0000000136bd07c0:   0000000036bd08f8 000000014584a890
0x0000000136bd07d0:   0000000000000000 00000006c34bed38
0x0000000136bd07e0:   0000000136bd0800 0000000000000064
0x0000000136bd07f0:   00007fcc481d2288 00007fcc49935e20
0x0000000136bd0800:   00007fcc00d86800 00007fcc49d869e8
0x0000000136bd0810:   000000014584a890 0000000000000000
0x0000000136bd0820:   0000000136bd08f8 00007fcc49d86800
0x0000000136bd0830:   0000000136bd0880 00000001126033aa
0x0000000136bd0840:   00000006c34becb0 000000010fd2be83
0x0000000136bd0850:   0000000000000005 00007fcc49d86800 

Instructions: (pc=0x00007fff8e1d8b70)
0x00007fff8e1d8b50:   ec 04 f6 e4 49 8b 04 24 48 89 45 d0 31 c0 48 85
0x00007fff8e1d8b60:   db 0f 84 e0 00 00 00 f6 c3 01 0f 85 d4 00 00 00
0x00007fff8e1d8b70:   48 8b 03 f6 40 20 02 74 11 48 89 df e8 21 7a 01
0x00007fff8e1d8b80:   00 84 c0 74 3b e9 db 00 00 00 4c 8d 2d b7 bf f6 

Register to memory mapping:

RAX=0x0000000000000000 is an unknown value
RBX=0x00077fcc46263730 is an unknown value
RCX=0x0000000000006e1b is an unknown value
RDX=0x00007fcc4b870658 is an unknown value
RSP=0x0000000136bd0660 is pointing into the stack for thread: 0x00007fcc49d86800
RBP=0x0000000136bd06c0 is pointing into the stack for thread: 0x00007fcc49d86800
RSI=0x00077fcc46263730 is an unknown value
RDI=0x00007fff731472a8: _ZN12_GLOBAL__N_19SideTable9table_bufE+0x1428 in /usr/lib/libobjc.A.dylib at 0x00007fff8e1cf000
R8 =0x000000000000002e is an unknown value
R9 =0xffffffffffffffff is an unknown value
R10=0x00007fcc4bf693e0 is an unknown value
R11=0x00007fff71a9db78: OBJC_CLASS_$_NSConcreteMapTable+0 in /System/Library/Frameworks/Foundation.framework/Versions/C/Foundation at 0x00007fff84262000
R12=0x00007fff71c69070: __stack_chk_guard+0 in /usr/lib/system/libsystem_c.dylib at 0x00007fff857dc000
R13=0x00007fff73145e80: _ZN12_GLOBAL__N_19SideTable9table_bufE+0 in /usr/lib/libobjc.A.dylib at 0x00007fff8e1cf000
R14=0x00007fff731472a8: _ZN12_GLOBAL__N_19SideTable9table_bufE+0x1428 in /usr/lib/libobjc.A.dylib at 0x00007fff8e1cf000
R15=0x00007fcc4b870658 is an unknown value


Stack: [0x0000000136ad1000,0x0000000136bd1000],  sp=0x0000000136bd0660,  free space=1021k
Native frames: (J=compiled Java code, j=interpreted, Vv=VM code, C=native code)
C  [libobjc.A.dylib+0x9b70]  weak_register_no_lock+0x3d
C  [libobjc.A.dylib+0x9ac7]  objc_storeWeak+0xe9
C  [AppKit+0x31dc54]  -[NSOpenGLContext setView:]+0x4b
C  [libawt_lwawt.dylib+0x1ab78]  CGLSD_MakeCurrentToScratch+0x63
C  [libawt_lwawt.dylib+0x1b513]  OGLSD_SetScratchSurface+0x7a
C  [libawt_lwawt.dylib+0x3b5ae]  Java_sun_java2d_opengl_OGLRenderQueue_flushBuffer+0x63a
J 8963  sun.java2d.opengl.OGLRenderQueue.flushBuffer(JI)V (0 bytes) @ 0x00000001126033aa [0x0000000112603300+0xaa]
J 8932 C1 sun.java2d.opengl.OGLRenderQueue.flushBuffer()V (41 bytes) @ 0x00000001125d593c [0x00000001125d56e0+0x25c]

Java frames: (J=compiled Java code, j=interpreted, Vv=VM code)
J 8963  sun.java2d.opengl.OGLRenderQueue.flushBuffer(JI)V (0 bytes) @ 0x0000000112603338 [0x0000000112603300+0x38]
J 8932 C1 sun.java2d.opengl.OGLRenderQueue.flushBuffer()V (41 bytes) @ 0x00000001125d593c [0x00000001125d56e0+0x25c]
J 12180% C2 sun.java2d.opengl.OGLRenderQueue$QueueFlusher.run()V (234 bytes) @ 0x00000001123ac954 [0x00000001123ac6c0+0x294]
v  ~StubRoutines::call_stub

---------------  P R O C E S S  ---------------

Java Threads: ( => current thread )
  0x00007fcc448f2000 JavaThread "nREPL-worker-345" daemon [_thread_in_Java, id=25587, stack(0x000000015f461000,0x000000015f561000)]
  0x00007fcc4a8ac800 JavaThread "clojure-agent-send-off-pool-602" [_thread_blocked, id=64335, stack(0x0000000150647000,0x0000000150747000)]
  0x00007fcc4af21800 JavaThread "clojure-agent-send-off-pool-601" [_thread_in_native, id=50259, stack(0x000000014f3aa000,0x000000014f4aa000)]
  0x00007fcc469e8000 JavaThread "clojure-agent-send-off-pool-600" [_thread_blocked, id=64135, stack(0x0000000137b40000,0x0000000137c40000)]
  0x00007fcc4b1aa000 JavaThread "clojure-agent-send-off-pool-598" [_thread_in_native, id=59891, stack(0x0000000145fd9000,0x00000001460d9000)]
  0x00007fcc48ca4800 JavaThread "clojure-agent-send-off-pool-592" [_thread_in_native, id=67879, stack(0x0000000146366000,0x0000000146466000)]
  0x00007fcc48ca4000 JavaThread "clojure-agent-send-off-pool-591" [_thread_blocked, id=56143, stack(0x000000013b7f9000,0x000000013b8f9000)]
  0x00007fcc4715a800 JavaThread "TimerQueue" daemon [_thread_blocked, id=58699, stack(0x0000000143822000,0x0000000143922000)]
  0x00007fcc4b151000 JavaThread "AWT-EventQueue-0" [_thread_blocked, id=56843, stack(0x000000013a7e7000,0x000000013a8e7000)]
  0x00007fcc4aea2000 JavaThread "AWT-Shutdown" [_thread_blocked, id=30271, stack(0x0000000135daf000,0x0000000135eaf000)]
  0x00007fcc4aafc800 JavaThread "Java2D Disposer" daemon [_thread_blocked, id=51975, stack(0x0000000137356000,0x0000000137456000)]
=>0x00007fcc49d86800 JavaThread "Java2D Queue Flusher" daemon [_thread_in_native, id=28187, stack(0x0000000136ad1000,0x0000000136bd1000)]
  0x00007fcc44ce8800 JavaThread "AppKit Thread" daemon [_thread_in_native, id=8463, stack(0x00007fff50b57000,0x00007fff51357000)]
  0x00007fcc4594f000 JavaThread "clojure-agent-send-off-pool-4" [_thread_in_native, id=24835, stack(0x000000013012b000,0x000000013022b000)]
  0x00007fcc440af800 JavaThread "clojure-agent-send-off-pool-3" [_thread_blocked, id=24323, stack(0x000000012fc91000,0x000000012fd91000)]
  0x00007fcc45039000 JavaThread "Service Thread" daemon [_thread_blocked, id=20739, stack(0x000000012e43c000,0x000000012e53c000)]
  0x00007fcc44850000 JavaThread "C1 CompilerThread3" daemon [_thread_blocked, id=20227, stack(0x000000012e339000,0x000000012e439000)]
  0x00007fcc4484f800 JavaThread "C2 CompilerThread2" daemon [_thread_blocked, id=19715, stack(0x000000012e236000,0x000000012e336000)]
  0x00007fcc4481b000 JavaThread "C2 CompilerThread1" daemon [_thread_blocked, id=19203, stack(0x000000012e133000,0x000000012e233000)]
  0x00007fcc45005800 JavaThread "C2 CompilerThread0" daemon [_thread_blocked, id=18691, stack(0x000000012e030000,0x000000012e130000)]
  0x00007fcc45000000 JavaThread "Signal Dispatcher" daemon [_thread_blocked, id=14859, stack(0x000000012df2d000,0x000000012e02d000)]
  0x00007fcc46811000 JavaThread "Finalizer" daemon [_thread_blocked, id=13571, stack(0x000000012c508000,0x000000012c608000)]
  0x00007fcc46810000 JavaThread "Reference Handler" daemon [_thread_blocked, id=13059, stack(0x000000012c405000,0x000000012c505000)]
  0x00007fcc46801800 JavaThread "main" [_thread_blocked, id=3847, stack(0x0000000110920000,0x0000000110a20000)]

Other Threads:
  0x00007fcc4704f000 VMThread [stack: 0x000000012c302000,0x000000012c402000] [id=12547]
  0x00007fcc45041800 WatcherThread [stack: 0x000000012e53f000,0x000000012e63f000] [id=21251]

VM state:not at safepoint (normal execution)

VM Mutex/Monitor currently owned by a thread: None

Heap:
 PSYoungGen      total 1392640K, used 26787K [0x000000076ab00000, 0x00000007c0000000, 0x00000007c0000000)
  eden space 1388544K, 1% used [0x000000076ab00000,0x000000076c130fa8,0x00000007bf700000)
  from space 4096K, 99% used [0x00000007bf700000,0x00000007bfaf8020,0x00000007bfb00000)
  to   space 5120K, 0% used [0x00000007bfb00000,0x00000007bfb00000,0x00000007c0000000)
 ParOldGen       total 852480K, used 669705K [0x00000006c0000000, 0x00000006f4080000, 0x000000076ab00000)
  object space 852480K, 78% used [0x00000006c0000000,0x00000006e8e025e0,0x00000006f4080000)
 Metaspace       used 80379K, capacity 106941K, committed 117888K, reserved 1136640K
  class space    used 18266K, capacity 27508K, committed 31360K, reserved 1048576K

Card table byte_map: [0x000000011fdf5000,0x00000001205f6000] byte_map_base: 0x000000011c7f5000

Marking Bits: (ParMarkBitMap*) 0x000000011029e410
 Begin Bits: [0x0000000121364000, 0x0000000125364000)
 End Bits:   [0x0000000125364000, 0x0000000129364000)

Polling page: 0x0000000110a22000

CodeCache: size=245760Kb used=41629Kb max_used=41713Kb free=204131Kb
 bounds [0x0000000110a35000, 0x0000000113345000, 0x000000011fa35000]
 total_blobs=10833 nmethods=10050 adapters=694
 compilation: enabled

Compilation events (10 events):
Event: 136440.549 Thread 0x00007fcc44850000 14494       3       cider.nrepl.middleware.stacktrace$flag_tooling$flag__2883::<init> (5 bytes)
Event: 136440.549 Thread 0x00007fcc44850000 nmethod 14494 0x0000000112c7a5d0 code [0x0000000112c7a740, 0x0000000112c7a9b0]
Event: 137892.602 Thread 0x00007fcc4481b000 14495       4       clojure.core$flush::invoke (16 bytes)
Event: 137892.604 Thread 0x00007fcc4481b000 nmethod 14495 0x0000000110ed3750 code [0x0000000110ed38c0, 0x0000000110ed3a38]
Event: 137892.606 Thread 0x00007fcc4484f800 14496       4       java.io.BufferedReader::fill (170 bytes)
Event: 137892.610 Thread 0x00007fcc4484f800 nmethod 14496 0x000000011216e1d0 code [0x000000011216e340, 0x000000011216e758]
Event: 138064.089 Thread 0x00007fcc44850000 14497       3       metrics.simulation$simulation_model1$fn__31672::invoke (44 bytes)
Event: 138064.090 Thread 0x00007fcc44850000 nmethod 14497 0x000000011330dd90 code [0x000000011330df40, 0x000000011330e498]
Event: 138064.166 Thread 0x00007fcc44850000 14498       3       clojure.lang.PersistentList$1::doInvoke (95 bytes)
Event: 138064.167 Thread 0x00007fcc44850000 nmethod 14498 0x0000000111d18310 code [0x0000000111d18580, 0x0000000111d19668]

GC Heap History (10 events):
Event: 122944.671 GC heap before
{Heap before GC invocations=1290 (full 7):
 PSYoungGen      total 1393152K, used 1389056K [0x000000076ab00000, 0x00000007c0000000, 0x00000007c0000000)
  eden space 1388544K, 100% used [0x000000076ab00000,0x00000007bf700000,0x00000007bf700000)
  from space 4608K, 11% used [0x00000007bfb80000,0x00000007bfc00020,0x00000007c0000000)
  to   space 4608K, 0% used [0x00000007bf700000,0x00000007bf700000,0x00000007bfb80000)
 ParOldGen       total 852480K, used 658665K [0x00000006c0000000, 0x00000006f4080000, 0x000000076ab00000)
  object space 852480K, 77% used [0x00000006c0000000,0x00000006e833a5e0,0x00000006f4080000)
 Metaspace       used 78545K, capacity 103729K, committed 117632K, reserved 1136640K
  class space    used 17601K, capacity 26460K, committed 31360K, reserved 1048576K
Event: 122944.675 GC heap after
Heap after GC invocations=1290 (full 7):
 PSYoungGen      total 1393152K, used 496K [0x000000076ab00000, 0x00000007c0000000, 0x00000007c0000000)
  eden space 1388544K, 0% used [0x000000076ab00000,0x000000076ab00000,0x00000007bf700000)
  from space 4608K, 10% used [0x00000007bf700000,0x00000007bf77c010,0x00000007bfb80000)
  to   space 4608K, 0% used [0x00000007bfb80000,0x00000007bfb80000,0x00000007c0000000)
 ParOldGen       total 852480K, used 658737K [0x00000006c0000000, 0x00000006f4080000, 0x000000076ab00000)
  object space 852480K, 77% used [0x00000006c0000000,0x00000006e834c5e0,0x00000006f4080000)
 Metaspace       used 78545K, capacity 103729K, committed 117632K, reserved 1136640K
  class space    used 17601K, capacity 26460K, committed 31360K, reserved 1048576K
}
Event: 122946.312 GC heap before
{Heap before GC invocations=1291 (full 7):
 PSYoungGen      total 1393152K, used 1389040K [0x000000076ab00000, 0x00000007c0000000, 0x00000007c0000000)
  eden space 1388544K, 100% used [0x000000076ab00000,0x00000007bf700000,0x00000007bf700000)
  from space 4608K, 10% used [0x00000007bf700000,0x00000007bf77c010,0x00000007bfb80000)
  to   space 4608K, 0% used [0x00000007bfb80000,0x00000007bfb80000,0x00000007c0000000)
 ParOldGen       total 852480K, used 658737K [0x00000006c0000000, 0x00000006f4080000, 0x000000076ab00000)
  object space 852480K, 77% used [0x00000006c0000000,0x00000006e834c5e0,0x00000006f4080000)
 Metaspace       used 78545K, capacity 103729K, committed 117632K, reserved 1136640K
  class space    used 17601K, capacity 26460K, committed 31360K, reserved 1048576K
Event: 122946.315 GC heap after
Heap after GC invocations=1291 (full 7):
 PSYoungGen      total 1393152K, used 432K [0x000000076ab00000, 0x00000007c0000000, 0x00000007c0000000)
  eden space 1388544K, 0% used [0x000000076ab00000,0x000000076ab00000,0x00000007bf700000)
  from space 4608K, 9% used [0x00000007bfb80000,0x00000007bfbec010,0x00000007c0000000)
  to   space 4608K, 0% used [0x00000007bf700000,0x00000007bf700000,0x00000007bfb80000)
 ParOldGen       total 852480K, used 658817K [0x00000006c0000000, 0x00000006f4080000, 0x000000076ab00000)
  object space 852480K, 77% used [0x00000006c0000000,0x00000006e83605e0,0x00000006f4080000)
 Metaspace       used 78545K, capacity 103729K, committed 117632K, reserved 1136640K
  class space    used 17601K, capacity 26460K, committed 31360K, reserved 1048576K
}
Event: 122991.350 GC heap before
{Heap before GC invocations=1292 (full 7):
 PSYoungGen      total 1393152K, used 1388976K [0x000000076ab00000, 0x00000007c0000000, 0x00000007c0000000)
  eden space 1388544K, 100% used [0x000000076ab00000,0x00000007bf700000,0x00000007bf700000)
  from space 4608K, 9% used [0x00000007bfb80000,0x00000007bfbec010,0x00000007c0000000)
  to   space 4608K, 0% used [0x00000007bf700000,0x00000007bf700000,0x00000007bfb80000)
 ParOldGen       total 852480K, used 658817K [0x00000006c0000000, 0x00000006f4080000, 0x000000076ab00000)
  object space 852480K, 77% used [0x00000006c0000000,0x00000006e83605e0,0x00000006f4080000)
 Metaspace       used 78575K, capacity 103781K, committed 117632K, reserved 1136640K
  class space    used 17610K, capacity 26476K, committed 31360K, reserved 1048576K
Event: 122991.353 GC heap after
Heap after GC invocations=1292 (full 7):
 PSYoungGen      total 1389568K, used 800K [0x000000076ab00000, 0x00000007bff00000, 0x00000007c0000000)
  eden space 1388544K, 0% used [0x000000076ab00000,0x000000076ab00000,0x00000007bf700000)
  from space 1024K, 78% used [0x00000007bf700000,0x00000007bf7c8000,0x00000007bf800000)
  to   space 4096K, 0% used [0x00000007bfb00000,0x00000007bfb00000,0x00000007bff00000)
 ParOldGen       total 852480K, used 658897K [0x00000006c0000000, 0x00000006f4080000, 0x000000076ab00000)
  object space 852480K, 77% used [0x00000006c0000000,0x00000006e83745e0,0x00000006f4080000)
 Metaspace       used 78575K, capacity 103781K, committed 117632K, reserved 1136640K
  class space    used 17610K, capacity 26476K, committed 31360K, reserved 1048576K
}
Event: 124511.106 GC heap before
{Heap before GC invocations=1293 (full 7):
 PSYoungGen      total 1389568K, used 1389344K [0x000000076ab00000, 0x00000007bff00000, 0x00000007c0000000)
  eden space 1388544K, 100% used [0x000000076ab00000,0x00000007bf700000,0x00000007bf700000)
  from space 1024K, 78% used [0x00000007bf700000,0x00000007bf7c8000,0x00000007bf800000)
  to   space 4096K, 0% used [0x00000007bfb00000,0x00000007bfb00000,0x00000007bff00000)
 ParOldGen       total 852480K, used 658897K [0x00000006c0000000, 0x00000006f4080000, 0x000000076ab00000)
  object space 852480K, 77% used [0x00000006c0000000,0x00000006e83745e0,0x00000006f4080000)
 Metaspace       used 79352K, capacity 105173K, committed 117888K, reserved 1136640K
  class space    used 17892K, capacity 26920K, committed 31360K, reserved 1048576K
Event: 124511.110 GC heap after
Heap after GC invocations=1293 (full 7):
 PSYoungGen      total 1392640K, used 928K [0x000000076ab00000, 0x00000007c0000000, 0x00000007c0000000)
  eden space 1388544K, 0% used [0x000000076ab00000,0x000000076ab00000,0x00000007bf700000)
  from space 4096K, 22% used [0x00000007bfb00000,0x00000007bfbe8000,0x00000007bff00000)
  to   space 4096K, 0% used [0x00000007bf700000,0x00000007bf700000,0x00000007bfb00000)
 ParOldGen       total 852480K, used 658969K [0x00000006c0000000, 0x00000006f4080000, 0x000000076ab00000)
  object space 852480K, 77% used [0x00000006c0000000,0x00000006e83865e0,0x00000006f4080000)
 Metaspace       used 79352K, capacity 105173K, committed 117888K, reserved 1136640K
  class space    used 17892K, capacity 26920K, committed 31360K, reserved 1048576K
}
Event: 138064.529 GC heap before
{Heap before GC invocations=1294 (full 7):
 PSYoungGen      total 1392640K, used 1389472K [0x000000076ab00000, 0x00000007c0000000, 0x00000007c0000000)
  eden space 1388544K, 100% used [0x000000076ab00000,0x00000007bf700000,0x00000007bf700000)
  from space 4096K, 22% used [0x00000007bfb00000,0x00000007bfbe8000,0x00000007bff00000)
  to   space 4096K, 0% used [0x00000007bf700000,0x00000007bf700000,0x00000007bfb00000)
 ParOldGen       total 852480K, used 658969K [0x00000006c0000000, 0x00000006f4080000, 0x000000076ab00000)
  object space 852480K, 77% used [0x00000006c0000000,0x00000006e83865e0,0x00000006f4080000)
 Metaspace       used 80379K, capacity 106941K, committed 117888K, reserved 1136640K
  class space    used 18266K, capacity 27508K, committed 31360K, reserved 1048576K
Event: 138064.543 GC heap after
Heap after GC invocations=1294 (full 7):
 PSYoungGen      total 1392640K, used 4064K [0x000000076ab00000, 0x00000007c0000000, 0x00000007c0000000)
  eden space 1388544K, 0% used [0x000000076ab00000,0x000000076ab00000,0x00000007bf700000)
  from space 4096K, 99% used [0x00000007bf700000,0x00000007bfaf8020,0x00000007bfb00000)
  to   space 5120K, 0% used [0x00000007bfb00000,0x00000007bfb00000,0x00000007c0000000)
 ParOldGen       total 852480K, used 669705K [0x00000006c0000000, 0x00000006f4080000, 0x000000076ab00000)
  object space 852480K, 78% used [0x00000006c0000000,0x00000006e8e025e0,0x00000006f4080000)
 Metaspace       used 80379K, capacity 106941K, committed 117888K, reserved 1136640K
  class space    used 18266K, capacity 27508K, committed 31360K, reserved 1048576K
}

Deoptimization events (10 events):
Event: 122826.097 Thread 0x00007fcc44b19000 Uncommon trap: reason=class_check action=maybe_recompile pc=0x000000011120e2b4 method=clojure.core$conj.invoke(Ljava/lang/Object;Ljava/lang/Object;)Ljava/lang/Object; @ 3
Event: 122831.445 Thread 0x00007fcc44b19000 Uncommon trap: reason=class_check action=maybe_recompile pc=0x000000011120e2b4 method=clojure.core$conj.invoke(Ljava/lang/Object;Ljava/lang/Object;)Ljava/lang/Object; @ 3
Event: 122839.363 Thread 0x00007fcc44b19000 Uncommon trap: reason=class_check action=maybe_recompile pc=0x000000011120e2b4 method=clojure.core$conj.invoke(Ljava/lang/Object;Ljava/lang/Object;)Ljava/lang/Object; @ 3
Event: 123627.649 Thread 0x00007fcc4b3e7000 Uncommon trap: reason=class_check action=maybe_recompile pc=0x00000001115ca84c method=clojure.lang.RT.seqFrom(Ljava/lang/Object;)Lclojure/lang/ISeq; @ 59
Event: 124191.600 Thread 0x00007fcc46a70800 Uncommon trap: reason=null_check action=make_not_entrant pc=0x0000000111c70278 method=clojure.core$reduce.invoke(Ljava/lang/Object;Ljava/lang/Object;Ljava/lang/Object;)Ljava/lang/Object; @ 14
Event: 134514.956 Thread 0x00007fcc4b6c3800 Uncommon trap: reason=unreached action=reinterpret pc=0x0000000112ff4c24 method=java.util.concurrent.SynchronousQueue$TransferStack.transfer(Ljava/lang/Object;ZJ)Ljava/lang/Object; @ 139
Event: 136332.192 Thread 0x00007fcc469e8000 Uncommon trap: reason=bimorphic action=maybe_recompile pc=0x0000000110d9965c method=clojure.lang.PersistentList$1.doInvoke(Ljava/lang/Object;)Ljava/lang/Object; @ 71
Event: 136334.914 Thread 0x00007fcc469e8000 Uncommon trap: reason=bimorphic action=maybe_recompile pc=0x0000000110d9965c method=clojure.lang.PersistentList$1.doInvoke(Ljava/lang/Object;)Ljava/lang/Object; @ 71
Event: 136334.914 Thread 0x00007fcc469e8000 Uncommon trap: reason=bimorphic action=maybe_recompile pc=0x0000000110d9965c method=clojure.lang.PersistentList$1.doInvoke(Ljava/lang/Object;)Ljava/lang/Object; @ 71
Event: 136334.914 Thread 0x00007fcc469e8000 Uncommon trap: reason=bimorphic action=maybe_recompile pc=0x0000000110d9965c method=clojure.lang.PersistentList$1.doInvoke(Ljava/lang/Object;)Ljava/lang/Object; @ 71

Internal exceptions (10 events):
Event: 136488.349 Thread 0x00007fcc499bd800 Exception <a 'java/security/PrivilegedActionException'> (0x000000078ec9d110) thrown at [/Users/java_re/workspace/8-2-build-macosx-x86_64/jdk8u31/2394/hotspot/src/share/vm/prims/jvm.cpp, line 1312]
Event: 136488.349 Thread 0x00007fcc499bd800 Exception <a 'java/security/PrivilegedActionException'> (0x000000078ec9f170) thrown at [/Users/java_re/workspace/8-2-build-macosx-x86_64/jdk8u31/2394/hotspot/src/share/vm/prims/jvm.cpp, line 1312]
Event: 136488.349 Thread 0x00007fcc499bd800 Exception <a 'java/security/PrivilegedActionException'> (0x000000078eca8ad0) thrown at [/Users/java_re/workspace/8-2-build-macosx-x86_64/jdk8u31/2394/hotspot/src/share/vm/prims/jvm.cpp, line 1312]
Event: 136488.349 Thread 0x00007fcc499bd800 Exception <a 'java/security/PrivilegedActionException'> (0x000000078eca9e50) thrown at [/Users/java_re/workspace/8-2-build-macosx-x86_64/jdk8u31/2394/hotspot/src/share/vm/prims/jvm.cpp, line 1312]
Event: 136488.349 Thread 0x00007fcc499bd800 Exception <a 'java/security/PrivilegedActionException'> (0x000000078ecab1d0) thrown at [/Users/java_re/workspace/8-2-build-macosx-x86_64/jdk8u31/2394/hotspot/src/share/vm/prims/jvm.cpp, line 1312]
Event: 136488.349 Thread 0x00007fcc499bd800 Exception <a 'java/security/PrivilegedActionException'> (0x000000078ecac550) thrown at [/Users/java_re/workspace/8-2-build-macosx-x86_64/jdk8u31/2394/hotspot/src/share/vm/prims/jvm.cpp, line 1312]
Event: 136488.349 Thread 0x00007fcc499bd800 Exception <a 'java/security/PrivilegedActionException'> (0x000000078ecad8d0) thrown at [/Users/java_re/workspace/8-2-build-macosx-x86_64/jdk8u31/2394/hotspot/src/share/vm/prims/jvm.cpp, line 1312]
Event: 136488.349 Thread 0x00007fcc499bd800 Exception <a 'java/security/PrivilegedActionException'> (0x000000078ecaec50) thrown at [/Users/java_re/workspace/8-2-build-macosx-x86_64/jdk8u31/2394/hotspot/src/share/vm/prims/jvm.cpp, line 1312]
Event: 136488.349 Thread 0x00007fcc499bd800 Exception <a 'java/security/PrivilegedActionException'> (0x000000078ecaffd0) thrown at [/Users/java_re/workspace/8-2-build-macosx-x86_64/jdk8u31/2394/hotspot/src/share/vm/prims/jvm.cpp, line 1312]
Event: 136488.349 Thread 0x00007fcc499bd800 Exception <a 'java/security/PrivilegedActionException'> (0x000000078ecb11c0) thrown at [/Users/java_re/workspace/8-2-build-macosx-x86_64/jdk8u31/2394/hotspot/src/share/vm/prims/jvm.cpp, line 1312]

Events (10 events):
Event: 138064.084 Thread 0x00007fcc4a8ac800 Thread added: 0x00007fcc4a8ac800
Event: 138064.084 Thread 0x00007fcc448f2000 Thread added: 0x00007fcc448f2000
Event: 138064.091 Thread 0x00007fcc44850000 flushing nmethod 0x0000000112211ad0
Event: 138064.167 Thread 0x00007fcc44850000 flushing nmethod 0x0000000112330dd0
Event: 138064.167 Thread 0x00007fcc44850000 flushing nmethod 0x00000001123bebd0
Event: 138064.167 Thread 0x00007fcc44850000 flushing nmethod 0x000000011244b390
Event: 138064.168 Thread 0x00007fcc44850000 flushing nmethod 0x00000001124aaa10
Event: 138064.168 Thread 0x00007fcc44850000 flushing nmethod 0x00000001124dba90
Event: 138064.528 Executing VM operation: ParallelGCFailedAllocation
Event: 138064.543 Executing VM operation: ParallelGCFailedAllocation done


Dynamic libraries:
0x000000000132c000 	/System/Library/Frameworks/Cocoa.framework/Versions/A/Cocoa
0x000000000132c000 	/System/Library/Frameworks/Security.framework/Versions/A/Security
0x000000000132c000 	/System/Library/Frameworks/ApplicationServices.framework/Versions/A/ApplicationServices
0x000000000132c000 	/usr/lib/libz.1.dylib
0x000000000132c000 	/usr/lib/libSystem.B.dylib
0x000000000132c000 	/usr/lib/libobjc.A.dylib
0x000000000132c000 	/System/Library/Frameworks/CoreFoundation.framework/Versions/A/CoreFoundation
0x000000000132c000 	/System/Library/Frameworks/Foundation.framework/Versions/C/Foundation
0x000000000132c000 	/System/Library/Frameworks/AppKit.framework/Versions/C/AppKit
0x000000000132c000 	/System/Library/Frameworks/CoreData.framework/Versions/A/CoreData
0x000000000132c000 	/System/Library/PrivateFrameworks/RemoteViewServices.framework/Versions/A/RemoteViewServices
0x000000000132c000 	/System/Library/PrivateFrameworks/UIFoundation.framework/Versions/A/UIFoundation
0x000000000132c000 	/System/Library/Frameworks/IOSurface.framework/Versions/A/IOSurface
0x000000000132c000 	/System/Library/Frameworks/AudioToolbox.framework/Versions/A/AudioToolbox
0x000000000132c000 	/System/Library/Frameworks/AudioUnit.framework/Versions/A/AudioUnit
0x000000000132c000 	/System/Library/PrivateFrameworks/DataDetectorsCore.framework/Versions/A/DataDetectorsCore
0x000000000132c000 	/System/Library/PrivateFrameworks/DesktopServicesPriv.framework/Versions/A/DesktopServicesPriv
0x000000000132c000 	/System/Library/Frameworks/Carbon.framework/Versions/A/Frameworks/HIToolbox.framework/Versions/A/HIToolbox
0x000000000132c000 	/System/Library/Frameworks/QuartzCore.framework/Versions/A/QuartzCore
0x000000000132c000 	/System/Library/Frameworks/Carbon.framework/Versions/A/Frameworks/SpeechRecognition.framework/Versions/A/SpeechRecognition
0x000000000132c000 	/usr/lib/libauto.dylib
0x000000000132c000 	/usr/lib/libicucore.A.dylib
0x000000000132c000 	/usr/lib/libxml2.2.dylib
0x000000000132c000 	/System/Library/PrivateFrameworks/CoreUI.framework/Versions/A/CoreUI
0x000000000132c000 	/System/Library/Frameworks/CoreAudio.framework/Versions/A/CoreAudio
0x000000000132c000 	/System/Library/Frameworks/DiskArbitration.framework/Versions/A/DiskArbitration
0x000000000132c000 	/usr/lib/liblangid.dylib
0x000000000132c000 	/System/Library/PrivateFrameworks/MultitouchSupport.framework/Versions/A/MultitouchSupport
0x000000000132c000 	/System/Library/Frameworks/IOKit.framework/Versions/A/IOKit
0x000000000132c000 	/usr/lib/libDiagnosticMessagesClient.dylib
0x000000000132c000 	/System/Library/Frameworks/CoreServices.framework/Versions/A/CoreServices
0x000000000132c000 	/System/Library/PrivateFrameworks/PerformanceAnalysis.framework/Versions/A/PerformanceAnalysis
0x000000000132c000 	/System/Library/PrivateFrameworks/GenerationalStorage.framework/Versions/A/GenerationalStorage
0x000000000132c000 	/System/Library/Frameworks/OpenGL.framework/Versions/A/OpenGL
0x000000000132c000 	/System/Library/PrivateFrameworks/Sharing.framework/Versions/A/Sharing
0x000000000132c000 	/System/Library/Frameworks/CoreGraphics.framework/Versions/A/CoreGraphics
0x000000000132c000 	/System/Library/Frameworks/CoreText.framework/Versions/A/CoreText
0x000000000132c000 	/System/Library/Frameworks/ImageIO.framework/Versions/A/ImageIO
0x000000000132c000 	/usr/lib/libextension.dylib
0x000000000132c000 	/System/Library/PrivateFrameworks/Backup.framework/Versions/A/Backup
0x000000000132c000 	/usr/lib/libarchive.2.dylib
0x000000000132c000 	/System/Library/Frameworks/CFNetwork.framework/Versions/A/CFNetwork
0x000000000132c000 	/System/Library/Frameworks/SystemConfiguration.framework/Versions/A/SystemConfiguration
0x000000000132c000 	/usr/lib/libCRFSuite.dylib
0x000000000132c000 	/usr/lib/libc++.1.dylib
0x000000000132c000 	/usr/lib/libc++abi.dylib
0x000000000132c000 	/usr/lib/system/libcache.dylib
0x000000000132c000 	/usr/lib/system/libcommonCrypto.dylib
0x000000000132c000 	/usr/lib/system/libcompiler_rt.dylib
0x000000000132c000 	/usr/lib/system/libcopyfile.dylib
0x000000000132c000 	/usr/lib/system/libcorecrypto.dylib
0x000000000132c000 	/usr/lib/system/libdispatch.dylib
0x000000000132c000 	/usr/lib/system/libdyld.dylib
0x000000000132c000 	/usr/lib/system/libkeymgr.dylib
0x000000000132c000 	/usr/lib/system/liblaunch.dylib
0x000000000132c000 	/usr/lib/system/libmacho.dylib
0x000000000132c000 	/usr/lib/system/libquarantine.dylib
0x000000000132c000 	/usr/lib/system/libremovefile.dylib
0x000000000132c000 	/usr/lib/system/libsystem_asl.dylib
0x000000000132c000 	/usr/lib/system/libsystem_blocks.dylib
0x000000000132c000 	/usr/lib/system/libsystem_c.dylib
0x000000000132c000 	/usr/lib/system/libsystem_configuration.dylib
0x000000000132c000 	/usr/lib/system/libsystem_coreservices.dylib
0x000000000132c000 	/usr/lib/system/libsystem_coretls.dylib
0x000000000132c000 	/usr/lib/system/libsystem_dnssd.dylib
0x000000000132c000 	/usr/lib/system/libsystem_info.dylib
0x000000000132c000 	/usr/lib/system/libsystem_kernel.dylib
0x000000000132c000 	/usr/lib/system/libsystem_m.dylib
0x000000000132c000 	/usr/lib/system/libsystem_malloc.dylib
0x000000000132c000 	/usr/lib/system/libsystem_network.dylib
0x000000000132c000 	/usr/lib/system/libsystem_networkextension.dylib
0x000000000132c000 	/usr/lib/system/libsystem_notify.dylib
0x000000000132c000 	/usr/lib/system/libsystem_platform.dylib
0x000000000132c000 	/usr/lib/system/libsystem_pthread.dylib
0x000000000132c000 	/usr/lib/system/libsystem_sandbox.dylib
0x000000000132c000 	/usr/lib/system/libsystem_secinit.dylib
0x000000000132c000 	/usr/lib/system/libsystem_stats.dylib
0x000000000132c000 	/usr/lib/system/libsystem_trace.dylib
0x000000000132c000 	/usr/lib/system/libunc.dylib
0x000000000132c000 	/usr/lib/system/libunwind.dylib
0x000000000132c000 	/usr/lib/system/libxpc.dylib
0x000000000132c000 	/usr/lib/libbz2.1.0.dylib
0x000000000132c000 	/usr/lib/liblzma.5.dylib
0x000000000132c000 	/usr/lib/libbsm.0.dylib
0x000000000132c000 	/usr/lib/libsqlite3.dylib
0x000000000132c000 	/usr/lib/system/libkxld.dylib
0x000000000132c000 	/usr/lib/libxar.1.dylib
0x000000000132c000 	/usr/lib/libpam.2.dylib
0x000000000132c000 	/usr/lib/libOpenScriptingUtil.dylib
0x000000000132c000 	/System/Library/Frameworks/CoreServices.framework/Versions/A/Frameworks/FSEvents.framework/Versions/A/FSEvents
0x000000000132c000 	/System/Library/Frameworks/CoreServices.framework/Versions/A/Frameworks/CarbonCore.framework/Versions/A/CarbonCore
0x000000000132c000 	/System/Library/Frameworks/CoreServices.framework/Versions/A/Frameworks/Metadata.framework/Versions/A/Metadata
0x000000000132c000 	/System/Library/Frameworks/CoreServices.framework/Versions/A/Frameworks/OSServices.framework/Versions/A/OSServices
0x000000000132c000 	/System/Library/Frameworks/CoreServices.framework/Versions/A/Frameworks/SearchKit.framework/Versions/A/SearchKit
0x000000000132c000 	/System/Library/Frameworks/CoreServices.framework/Versions/A/Frameworks/AE.framework/Versions/A/AE
0x000000000132c000 	/System/Library/Frameworks/CoreServices.framework/Versions/A/Frameworks/LaunchServices.framework/Versions/A/LaunchServices
0x000000000132c000 	/System/Library/Frameworks/CoreServices.framework/Versions/A/Frameworks/DictionaryServices.framework/Versions/A/DictionaryServices
0x000000000132c000 	/System/Library/Frameworks/NetFS.framework/Versions/A/NetFS
0x000000000132c000 	/System/Library/PrivateFrameworks/NetAuth.framework/Versions/A/NetAuth
0x000000000132c000 	/System/Library/PrivateFrameworks/login.framework/Versions/A/Frameworks/loginsupport.framework/Versions/A/loginsupport
0x000000000132c000 	/System/Library/PrivateFrameworks/TCC.framework/Versions/A/TCC
0x000000000132c000 	/usr/lib/libmecabra.dylib
0x000000000132c000 	/System/Library/Frameworks/ApplicationServices.framework/Versions/A/Frameworks/ATS.framework/Versions/A/ATS
0x000000000132c000 	/System/Library/Frameworks/ApplicationServices.framework/Versions/A/Frameworks/ColorSync.framework/Versions/A/ColorSync
0x000000000132c000 	/System/Library/Frameworks/ApplicationServices.framework/Versions/A/Frameworks/HIServices.framework/Versions/A/HIServices
0x000000000132c000 	/System/Library/Frameworks/ApplicationServices.framework/Versions/A/Frameworks/LangAnalysis.framework/Versions/A/LangAnalysis
0x000000000132c000 	/System/Library/Frameworks/ApplicationServices.framework/Versions/A/Frameworks/PrintCore.framework/Versions/A/PrintCore
0x000000000132c000 	/System/Library/Frameworks/ApplicationServices.framework/Versions/A/Frameworks/QD.framework/Versions/A/QD
0x000000000132c000 	/System/Library/Frameworks/ApplicationServices.framework/Versions/A/Frameworks/SpeechSynthesis.framework/Versions/A/SpeechSynthesis
0x000000000132c000 	/System/Library/Frameworks/Accelerate.framework/Versions/A/Accelerate
0x000000000132c000 	/System/Library/Frameworks/Accelerate.framework/Versions/A/Frameworks/vImage.framework/Versions/A/vImage
0x000000000132c000 	/System/Library/Frameworks/Accelerate.framework/Versions/A/Frameworks/vecLib.framework/Versions/A/vecLib
0x000000000132c000 	/System/Library/Frameworks/Accelerate.framework/Versions/A/Frameworks/vecLib.framework/Versions/A/libvDSP.dylib
0x000000000132c000 	/System/Library/Frameworks/Accelerate.framework/Versions/A/Frameworks/vecLib.framework/Versions/A/libvMisc.dylib
0x000000000132c000 	/System/Library/Frameworks/Accelerate.framework/Versions/A/Frameworks/vecLib.framework/Versions/A/libLAPACK.dylib
0x000000000132c000 	/System/Library/Frameworks/Accelerate.framework/Versions/A/Frameworks/vecLib.framework/Versions/A/libBLAS.dylib
0x000000000132c000 	/System/Library/Frameworks/Accelerate.framework/Versions/A/Frameworks/vecLib.framework/Versions/A/libLinearAlgebra.dylib
0x000000000132c000 	/System/Library/Frameworks/ApplicationServices.framework/Versions/A/Frameworks/ATS.framework/Versions/A/Resources/libFontParser.dylib
0x000000000132c000 	/System/Library/Frameworks/ApplicationServices.framework/Versions/A/Frameworks/ATS.framework/Versions/A/Resources/libFontRegistry.dylib
0x000000000132c000 	/System/Library/PrivateFrameworks/AppleVPA.framework/Versions/A/AppleVPA
0x000000000132c000 	/System/Library/PrivateFrameworks/AppleJPEG.framework/Versions/A/AppleJPEG
0x000000000132c000 	/System/Library/Frameworks/ImageIO.framework/Versions/A/Resources/libJPEG.dylib
0x000000000132c000 	/System/Library/Frameworks/ImageIO.framework/Versions/A/Resources/libTIFF.dylib
0x000000000132c000 	/System/Library/Frameworks/ImageIO.framework/Versions/A/Resources/libPng.dylib
0x000000000132c000 	/System/Library/Frameworks/ImageIO.framework/Versions/A/Resources/libGIF.dylib
0x000000000132c000 	/System/Library/Frameworks/ImageIO.framework/Versions/A/Resources/libJP2.dylib
0x000000000132c000 	/System/Library/Frameworks/ImageIO.framework/Versions/A/Resources/libRadiance.dylib
0x000000000132c000 	/System/Library/Frameworks/CoreVideo.framework/Versions/A/CoreVideo
0x000000000132c000 	/System/Library/Frameworks/OpenGL.framework/Versions/A/Libraries/libGLU.dylib
0x000000000132c000 	/System/Library/Frameworks/OpenGL.framework/Versions/A/Libraries/libGFXShared.dylib
0x000000000132c000 	/System/Library/Frameworks/OpenGL.framework/Versions/A/Libraries/libGL.dylib
0x000000000132c000 	/System/Library/Frameworks/OpenGL.framework/Versions/A/Libraries/libGLImage.dylib
0x000000000132c000 	/System/Library/Frameworks/OpenGL.framework/Versions/A/Libraries/libCVMSPluginSupport.dylib
0x000000000132c000 	/System/Library/Frameworks/OpenGL.framework/Versions/A/Libraries/libCoreVMClient.dylib
0x000000000132c000 	/usr/lib/libcups.2.dylib
0x000000000132c000 	/System/Library/Frameworks/Kerberos.framework/Versions/A/Kerberos
0x000000000132c000 	/System/Library/Frameworks/GSS.framework/Versions/A/GSS
0x000000000132c000 	/usr/lib/libresolv.9.dylib
0x000000000132c000 	/usr/lib/libiconv.2.dylib
0x000000000132c000 	/System/Library/PrivateFrameworks/Heimdal.framework/Versions/A/Heimdal
0x000000000132c000 	/usr/lib/libheimdal-asn1.dylib
0x000000000132c000 	/System/Library/Frameworks/OpenDirectory.framework/Versions/A/OpenDirectory
0x000000000132c000 	/System/Library/PrivateFrameworks/CommonAuth.framework/Versions/A/CommonAuth
0x000000000132c000 	/System/Library/Frameworks/OpenDirectory.framework/Versions/A/Frameworks/CFOpenDirectory.framework/Versions/A/CFOpenDirectory
0x000000000132c000 	/System/Library/Frameworks/SecurityFoundation.framework/Versions/A/SecurityFoundation
0x000000000132c000 	/System/Library/PrivateFrameworks/LanguageModeling.framework/Versions/A/LanguageModeling
0x000000000132c000 	/usr/lib/libcmph.dylib
0x000000000132c000 	/System/Library/Frameworks/ServiceManagement.framework/Versions/A/ServiceManagement
0x000000000132c000 	/usr/lib/libxslt.1.dylib
0x000000000132c000 	/System/Library/Frameworks/Carbon.framework/Versions/A/Frameworks/Ink.framework/Versions/A/Ink
0x000000000132c000 	/System/Library/Frameworks/QuartzCore.framework/Versions/A/Frameworks/CoreImage.framework/Versions/A/CoreImage
0x000000000132c000 	/System/Library/PrivateFrameworks/CrashReporterSupport.framework/Versions/A/CrashReporterSupport
0x000000000132c000 	/System/Library/Frameworks/OpenCL.framework/Versions/A/OpenCL
0x000000000132c000 	/System/Library/PrivateFrameworks/FaceCore.framework/Versions/A/FaceCore
0x000000000132c000 	/System/Library/PrivateFrameworks/Ubiquity.framework/Versions/A/Ubiquity
0x000000000132c000 	/System/Library/PrivateFrameworks/IconServices.framework/Versions/A/IconServices
0x000000000132c000 	/System/Library/PrivateFrameworks/ChunkingLibrary.framework/Versions/A/ChunkingLibrary
0x000000000132c000 	/System/Library/PrivateFrameworks/Apple80211.framework/Versions/A/Apple80211
0x000000000132c000 	/System/Library/Frameworks/CoreWLAN.framework/Versions/A/CoreWLAN
0x000000000132c000 	/System/Library/Frameworks/IOBluetooth.framework/Versions/A/IOBluetooth
0x000000000132c000 	/System/Library/PrivateFrameworks/CoreWiFi.framework/Versions/A/CoreWiFi
0x000000000132c000 	/System/Library/Frameworks/CoreBluetooth.framework/Versions/A/CoreBluetooth
0x000000000132c000 	/System/Library/PrivateFrameworks/DebugSymbols.framework/Versions/A/DebugSymbols
0x000000000132c000 	/System/Library/PrivateFrameworks/CoreSymbolication.framework/Versions/A/CoreSymbolication
0x000000000132c000 	/System/Library/PrivateFrameworks/Symbolication.framework/Versions/A/Symbolication
0x000000000132c000 	/System/Library/PrivateFrameworks/SpeechRecognitionCore.framework/Versions/A/SpeechRecognitionCore
0x000000010fa00000 	/Library/Java/JavaVirtualMachines/jdk1.8.0_31.jdk/Contents/Home/jre/lib/server/libjvm.dylib
0x000000000132c000 	/usr/lib/libstdc++.6.dylib
0x000000010e9be000 	/Library/Java/JavaVirtualMachines/jdk1.8.0_31.jdk/Contents/Home/jre/lib/libverify.dylib
0x000000010e9cc000 	/Library/Java/JavaVirtualMachines/jdk1.8.0_31.jdk/Contents/Home/jre/lib/libjava.dylib
0x0000000110a2c000 	/Library/Java/JavaVirtualMachines/jdk1.8.0_31.jdk/Contents/Home/jre/lib/libzip.dylib
0x000000012c60a000 	/System/Library/Frameworks/JavaVM.framework/Frameworks/JavaRuntimeSupport.framework/JavaRuntimeSupport
0x000000012c622000 	/System/Library/Frameworks/JavaVM.framework/Versions/A/Frameworks/JavaNativeFoundation.framework/Versions/A/JavaNativeFoundation
0x000000012c637000 	/System/Library/Frameworks/JavaVM.framework/Versions/A/JavaVM
0x000000000132c000 	/System/Library/Frameworks/Carbon.framework/Versions/A/Carbon
0x000000012c644000 	/System/Library/PrivateFrameworks/JavaLaunching.framework/Versions/A/JavaLaunching
0x000000000132c000 	/System/Library/Frameworks/Carbon.framework/Versions/A/Frameworks/CommonPanels.framework/Versions/A/CommonPanels
0x000000000132c000 	/System/Library/Frameworks/Carbon.framework/Versions/A/Frameworks/Help.framework/Versions/A/Help
0x000000000132c000 	/System/Library/Frameworks/Carbon.framework/Versions/A/Frameworks/ImageCapture.framework/Versions/A/ImageCapture
0x000000000132c000 	/System/Library/Frameworks/Carbon.framework/Versions/A/Frameworks/OpenScripting.framework/Versions/A/OpenScripting
0x000000000132c000 	/System/Library/Frameworks/Carbon.framework/Versions/A/Frameworks/Print.framework/Versions/A/Print
0x000000000132c000 	/System/Library/Frameworks/Carbon.framework/Versions/A/Frameworks/SecurityHI.framework/Versions/A/SecurityHI
0x000000012e9a2000 	/Library/Java/JavaVirtualMachines/jdk1.8.0_31.jdk/Contents/Home/jre/lib/libnet.dylib
0x000000012ee8b000 	/Library/Java/JavaVirtualMachines/jdk1.8.0_31.jdk/Contents/Home/jre/lib/libawt.dylib
0x000000012fd93000 	/Library/Java/JavaVirtualMachines/jdk1.8.0_31.jdk/Contents/Home/jre/lib/./libmlib_image.dylib
0x000000013022d000 	/Library/Java/JavaVirtualMachines/jdk1.8.0_31.jdk/Contents/Home/jre/lib/libawt_lwawt.dylib
0x000000012e981000 	/Library/Java/JavaVirtualMachines/jdk1.8.0_31.jdk/Contents/Home/jre/lib/./libosxapp.dylib
0x000000000132c000 	/System/Library/Frameworks/ExceptionHandling.framework/Versions/A/ExceptionHandling
0x000000000132c000 	/System/Library/PrivateFrameworks/CoreServicesInternal.framework/Versions/A/CoreServicesInternal
0x000000000132c000 	/System/Library/PrivateFrameworks/CloudDocs.framework/Versions/A/CloudDocs
0x000000000132c000 	/System/Library/PrivateFrameworks/CoreDuet.framework/Versions/A/CoreDuet
0x000000000132c000 	/System/Library/Frameworks/CloudKit.framework/Versions/A/CloudKit
0x000000000132c000 	/System/Library/PrivateFrameworks/ProtocolBuffer.framework/Versions/A/ProtocolBuffer
0x000000000132c000 	/System/Library/PrivateFrameworks/CoreDuetDaemonProtocol.framework/Versions/A/CoreDuetDaemonProtocol
0x000000000132c000 	/System/Library/PrivateFrameworks/CoreDuetDebugLogging.framework/Versions/A/CoreDuetDebugLogging
0x000000000132c000 	/System/Library/PrivateFrameworks/MMCS.framework/Versions/A/MMCS
0x000000000132c000 	/System/Library/Frameworks/CoreLocation.framework/Versions/A/CoreLocation
0x000000000132c000 	/System/Library/PrivateFrameworks/ProtectedCloudStorage.framework/Versions/A/ProtectedCloudStorage
0x000000000132c000 	/System/Library/PrivateFrameworks/GeoServices.framework/Versions/A/GeoServices
0x000000000132c000 	/System/Library/Frameworks/CoreGraphics.framework/Versions/A/Resources/libCGCMS.A.dylib
0x000000000132c000 	/System/Library/Frameworks/CoreGraphics.framework/Versions/A/Resources/libRIP.A.dylib
0x000000000132c000 	/System/Library/PrivateFrameworks/FamilyControls.framework/Versions/A/FamilyControls
0x000000000132c000 	/System/Library/PrivateFrameworks/CommerceKit.framework/Versions/A/Frameworks/CommerceCore.framework/Versions/A/CommerceCore
0x000000000132c000 	/System/Library/PrivateFrameworks/SystemAdministration.framework/Versions/A/SystemAdministration
0x000000000132c000 	/System/Library/PrivateFrameworks/AppContainer.framework/Versions/A/AppContainer
0x000000000132c000 	/System/Library/PrivateFrameworks/SecCodeWrapper.framework/Versions/A/SecCodeWrapper
0x000000000132c000 	/System/Library/Frameworks/DirectoryService.framework/Versions/A/DirectoryService
0x000000000132c000 	/System/Library/PrivateFrameworks/DiskImages.framework/Versions/A/DiskImages
0x000000000132c000 	/System/Library/PrivateFrameworks/LoginUIKit.framework/Versions/A/Frameworks/LoginUICore.framework/Versions/A/LoginUICore
0x000000000132c000 	/usr/lib/libCoreStorage.dylib
0x000000000132c000 	/usr/lib/libcsfde.dylib
0x000000000132c000 	/usr/lib/libodfde.dylib
0x000000000132c000 	/System/Library/Frameworks/DiscRecording.framework/Versions/A/DiscRecording
0x000000000132c000 	/usr/lib/libcurl.4.dylib
0x000000000132c000 	/System/Library/PrivateFrameworks/MediaKit.framework/Versions/A/MediaKit
0x000000000132c000 	/System/Library/PrivateFrameworks/EFILogin.framework/Versions/A/EFILogin
0x000000000132c000 	/usr/lib/libutil.dylib
0x000000000132c000 	/System/Library/PrivateFrameworks/FindMyDevice.framework/Versions/A/FindMyDevice
0x000000000132c000 	/System/Library/Frameworks/LDAP.framework/Versions/A/LDAP
0x000000000132c000 	/usr/lib/libsasl2.2.dylib
0x000000000132c000 	/System/Library/PrivateFrameworks/CoreDaemon.framework/Versions/B/CoreDaemon
0x000000000132c000 	/usr/lib/libcrypto.0.9.8.dylib
0x000000000132c000 	/System/Library/PrivateFrameworks/AppleSRP.framework/Versions/A/AppleSRP
0x000000000132c000 	/System/Library/PrivateFrameworks/TrustEvaluationAgent.framework/Versions/A/TrustEvaluationAgent
0x0000000133e4e000 	/Library/Java/JavaVirtualMachines/jdk1.8.0_31.jdk/Contents/Home/jre/lib/libfontmanager.dylib
0x000000012c692000 	/Library/Java/JavaVirtualMachines/jdk1.8.0_31.jdk/Contents/Home/jre/lib/libosxui.dylib
0x000000000132c000 	/System/Library/Frameworks/OpenGL.framework/Versions/A/Resources/GLEngine.bundle/GLEngine
0x000000000132c000 	/System/Library/Frameworks/OpenGL.framework/Versions/A/Libraries/libGLProgrammability.dylib
0x0000000000000000 	/System/Library/Extensions/AppleIntelHD5000GraphicsGLDriver.bundle/Contents/MacOS/AppleIntelHD5000GraphicsGLDriver
0x000000000132c000 	/System/Library/PrivateFrameworks/IOAccelerator.framework/Versions/A/IOAccelerator
0x000000000132c000 	/System/Library/PrivateFrameworks/GPUSupport.framework/Versions/A/Libraries/libGPUSupportMercury.dylib
0x0000000000000000 	/System/Library/Extensions/GeForceGLDriver.bundle/Contents/MacOS/GeForceGLDriver
0x000000000132c000 	/System/Library/Extensions/GeForceGLDriver.bundle/Contents/MacOS/libclh.dylib
0x000000000132c000 	/System/Library/Frameworks/OpenGL.framework/Versions/A/Resources/GLRendererFloat.bundle/GLRendererFloat
0x000000000132c000 	/System/Library/Frameworks/OpenCL.framework/Versions/A/Libraries/libcldcpuengine.dylib
0x0000000135829000 	/Library/Java/JavaVirtualMachines/jdk1.8.0_31.jdk/Contents/Home/jre/lib/libsunec.dylib
0x000000000132c000 	/System/Library/Frameworks/CoreGraphics.framework/Versions/A/Resources/libCGXType.A.dylib
0x000000013bf6a000 	/Library/Java/JavaVirtualMachines/jdk1.8.0_31.jdk/Contents/Home/jre/lib/libnio.dylib
0x000000013c2bb000 	/Library/Java/JavaVirtualMachines/jdk1.8.0_31.jdk/Contents/Home/jre/lib/libdcpr.dylib
0x000000000132c000 	/System/Library/Frameworks/Accelerate.framework/Versions/A/Frameworks/vImage.framework/Versions/A/Libraries/libCGInterfaces.dylib

VM Arguments:
jvm_args: -Dfile.encoding=UTF-8 -Dclojure.compile.path=/Users/jairwuiloud/Desktop/WORK/GITAccounts/ThinkTopic/cn-metrics/metrics/target/classes -Dmetrics.version=0.1.0-SNAPSHOT -Dclojure.debug=false 
java_command: clojure.main -i /private/var/folders/sx/t75x0pp15bb5y1k78bj7thnr0000gn/T/form-init58178369551274862.clj
java_class_path (initial): /Users/jairwuiloud/Desktop/WORK/GITAccounts/ThinkTopic/cn-metrics/metrics/test:/Users/jairwuiloud/Desktop/WORK/GITAccounts/ThinkTopic/cn-metrics/metrics/src:/Users/jairwuiloud/Desktop/WORK/GITAccounts/ThinkTopic/cn-metrics/metrics/dev-resources:/Users/jairwuiloud/Desktop/WORK/GITAccounts/ThinkTopic/cn-metrics/metrics/resources:/Users/jairwuiloud/Desktop/WORK/GITAccounts/ThinkTopic/cn-metrics/metrics/target/classes:/Users/jairwuiloud/.m2/repository/com/fasterxml/jackson/core/jackson-core/2.1.3/jackson-core-2.1.3.jar:/Users/jairwuiloud/.m2/repository/org/scilab/forge/jlatexmath/0.9.6/jlatexmath-0.9.6.jar:/Users/jairwuiloud/.m2/repository/org/tcrawley/dynapath/0.2.3/dynapath-0.2.3.jar:/Users/jairwuiloud/.m2/repository/tigris/tigris/0.1.1/tigris-0.1.1.jar:/Users/jairwuiloud/.m2/repository/net/sf/opencsv/opencsv/2.3/opencsv-2.3.jar:/Users/jairwuiloud/.m2/repository/org/apache/xmlbeans/xmlbeans/2.3.0/xmlbeans-2.3.0.jar:/Users/jairwuiloud/.m2/repository/net/sourceforge/f2j/arpack_combined_all/0.1/arpack_combined_all-0.1.jar:/Users/jairwuiloud/.m2/repository/xalan/xalan/2.6.0/xalan-2.6.0.jar:/Users/jairwuiloud/.m2/repository/com/lowagie/itext/2.1.7/itext-2.1.7.jar:/Users/jairwuiloud/.m2/repository/commons-codec/commons-codec/1.10/commons-codec-1.10.jar:/Users/jairwuiloud/.m2/repository/com/google/gdata/gdata-client-1.0/1.41.5/gdata-client-1.0-1.41.5.jar:/Users/jairwuiloud/.m2/repository/org/clojure/tools.macro/0.1.5/tools.macro-0.1.5.jar:/Users/jairwuiloud/.m2/repository/clj-http/clj-http/1.1.2/clj-http-1.1.2.jar:/Users/jairwuiloud/.m2/repository/clj-tuple/clj-tuple/0.2.1/clj-tuple-0.2.1.jar:/Users/jairwuiloud/.m2/repository/incanter/incanter-latex/1.5.6/incanter-latex-1.5.6.jar:/Users/jairwuiloud/.m2/repository/net/sourceforge/parallelcolt/parallelcolt/0.10.1/parallelcolt-0.10.1.jar:/Users/jairwuiloud/.m2/repository/com/github/rwl/JKLU/1.0.0/JKLU-1.0.0.jar:/Users/jairwuiloud/.m2/repository/org/clojure/data.csv/0.1.2/data.csv-0.1.2.jar:/Users/ja
Launcher Type: SUN_STANDARD

Environment Variables:
PATH=/usr/local/heroku/bin:/usr/local/bin:/usr/local/sbin:/usr/local/share/npm/bin::/Applications/Sublime\ Text.app/Contents/SharedSupport/bin:/usr/local/bin:/usr/bin:/bin:/usr/sbin:/sbin:/opt/X11/bin:/usr/texbin
SHELL=/bin/bash
DISPLAY=/private/tmp/com.apple.launchd.jxsnDkZB5r/org.macosforge.xquartz:0

Signal Handlers:
SIGSEGV: [libjvm.dylib+0x57a0e7], sa_mask[0]=11111111011111110111111111111111, sa_flags=SA_ONSTACK|SA_RESTART|SA_SIGINFO
SIGBUS: [libjvm.dylib+0x57a0e7], sa_mask[0]=11111111011111110111111111111111, sa_flags=SA_RESTART|SA_SIGINFO
SIGFPE: [libjvm.dylib+0x45af24], sa_mask[0]=11111111011111110111111111111111, sa_flags=SA_RESTART|SA_SIGINFO
SIGPIPE: [libjvm.dylib+0x45af24], sa_mask[0]=11111111011111110111111111111111, sa_flags=SA_RESTART|SA_SIGINFO
SIGXFSZ: [libjvm.dylib+0x45af24], sa_mask[0]=11111111011111110111111111111111, sa_flags=SA_RESTART|SA_SIGINFO
SIGILL: [libjvm.dylib+0x45af24], sa_mask[0]=11111111011111110111111111111111, sa_flags=SA_RESTART|SA_SIGINFO
SIGUSR1: SIG_DFL, sa_mask[0]=11011111011111100000000111000110, sa_flags=none
SIGUSR2: [libjvm.dylib+0x45aa42], sa_mask[0]=00100000000000000000000000000000, sa_flags=SA_RESTART|SA_SIGINFO
SIGHUP: [libjvm.dylib+0x459015], sa_mask[0]=11111111011111110111111111111111, sa_flags=SA_RESTART|SA_SIGINFO
SIGINT: [libjvm.dylib+0x459015], sa_mask[0]=11111111011111110111111111111111, sa_flags=SA_RESTART|SA_SIGINFO
SIGTERM: [libjvm.dylib+0x459015], sa_mask[0]=11111111011111110111111111111111, sa_flags=SA_RESTART|SA_SIGINFO
SIGQUIT: [libjvm.dylib+0x459015], sa_mask[0]=11111111011111110111111111111111, sa_flags=SA_RESTART|SA_SIGINFO


---------------  S Y S T E M  ---------------

OS:Bsduname:Darwin 14.3.0 Darwin Kernel Version 14.3.0: Mon Mar 23 11:59:05 PDT 2015; root:xnu-2782.20.48~5/RELEASE_X86_64 x86_64
rlimit: STACK 8192k, CORE 0k, NPROC 709, NOFILE 10240, AS infinity
load average:2.75 2.90 2.91

CPU:total 8 (4 cores per cpu, 2 threads per core) family 6 model 70 stepping 1, cmov, cx8, fxsr, mmx, sse, sse2, sse3, ssse3, sse4.1, sse4.2, popcnt, avx, avx2, aes, clmul, erms, rtm, lzcnt, ht, tsc, tscinvbit, bmi1, bmi2

Memory: 4k page, physical 16777216k(2614764k free)

/proc/meminfo:


vm_info: Java HotSpot(TM) 64-Bit Server VM (25.31-b07) for bsd-amd64 JRE (1.8.0_31-b13), built on Dec 17 2014 20:45:36 by "java_re" with gcc 4.2.1 (Based on Apple Inc. build 5658) (LLVM build 2336.11.00)

time: Wed Jul  1 14:33:58 2015
elapsed time: 138064 seconds (1d 14h 21m 4s)

